2022-12-06 13:46:42,894 [INFO] Activator:177 - 


2022-12-06 13:46:42,894 [INFO] Activator:178 - !SESSION log4j initialized
2022-12-06 13:46:49,793 [INFO] McuFinderGlobals:44 - Set McuFinder mode to 2 (CubeIDE integrated)
2022-12-06 13:46:50,043 [INFO] ApplicationProperties:181 - Using Application install path: C:\ST\STM32CubeIDE_1.7.0\STM32CubeIDE\plugins\com.st.stm32cube.common.mx_6.6.1.202207061420
2022-12-06 13:46:50,059 [INFO] DbMcusXml:77 - Set database path to: C:\ST\STM32CubeIDE_1.7.0\STM32CubeIDE\plugins\com.st.stm32cube.common.mx_6.6.1.202207061420\\db\/mcu/
2022-12-06 13:46:50,074 [INFO] ApiDb:269 - Set plugin database path to: C:\ST\STM32CubeIDE_1.7.0\STM32CubeIDE\plugins\com.st.stm32cube.common.mx_6.6.1.202207061420\\db\/plugins/boardmanager/
2022-12-06 13:46:50,074 [WARN] ApiDb:254 - Overriding images path with different value:  => C:\ST\STM32CubeIDE_1.7.0\STM32CubeIDE\plugins\com.st.stm32cube.common.mx_6.6.1.202207061420\\db\/plugins/mcufinder/images/
2022-12-06 13:46:50,090 [INFO] ApiDb:249 - Set database path to: C:\Users\84977\.stmcufinder\plugins\mcufinder//mcu/
2022-12-06 13:46:50,090 [INFO] DbMcusAds:124 - Set database path to: C:\Users\84977\.stmcufinder\plugins\mcufinder//mcu/
2022-12-06 13:46:50,090 [INFO] CrossReferenceDbSqlite:201 - Set database path to: C:\Users\84977\.stmcufinder\plugins\mcufinder//mcu/cs/
2022-12-06 13:46:50,246 [INFO] RulesReader:61 - Compatibility file has been processed (282 Rules)
2022-12-06 13:46:50,340 [INFO] DbMcusXml:77 - Set database path to: C:\ST\STM32CubeIDE_1.7.0\STM32CubeIDE\plugins\com.st.stm32cube.common.mx_6.6.1.202207061420\\db\/mcu/
2022-12-06 13:46:50,340 [INFO] ApiDb:269 - Set plugin database path to: C:\ST\STM32CubeIDE_1.7.0\STM32CubeIDE\plugins\com.st.stm32cube.common.mx_6.6.1.202207061420\\db\/plugins/boardmanager/
2022-12-06 13:46:50,340 [INFO] ApiDb:256 - Set plugin images path to: C:\ST\STM32CubeIDE_1.7.0\STM32CubeIDE\plugins\com.st.stm32cube.common.mx_6.6.1.202207061420\\db\/plugins/mcufinder/images/
2022-12-06 13:46:50,340 [WARN] DbFile:40 - Overriding database path with different value: C:\Users\84977\.stmcufinder\plugins\mcufinder/ => C:\Users\84977\.stmcufinder\plugins\mcufinder
2022-12-06 13:46:50,340 [INFO] ApiDb:249 - Set database path to: C:\Users\84977\.stmcufinder\plugins\mcufinder//mcu/
2022-12-06 13:46:50,340 [WARN] DbFile:40 - Overriding database path with different value: C:\Users\84977\.stmcufinder\plugins\mcufinder/ => C:\Users\84977\.stmcufinder\plugins\mcufinder
2022-12-06 13:46:50,340 [INFO] DbMcusAds:124 - Set database path to: C:\Users\84977\.stmcufinder\plugins\mcufinder//mcu/
2022-12-06 13:46:50,340 [WARN] DbFile:40 - Overriding database path with different value: C:\Users\84977\.stmcufinder\plugins\mcufinder/ => C:\Users\84977\.stmcufinder\plugins\mcufinder
2022-12-06 13:46:50,340 [WARN] DbFile:40 - Overriding database path with different value: C:\Users\84977\.stmcufinder\plugins\mcufinder/ => C:\Users\84977\.stmcufinder\plugins\mcufinder
2022-12-06 13:46:50,340 [INFO] CrossReferenceDbSqlite:201 - Set database path to: C:\Users\84977\.stmcufinder\plugins\mcufinder//mcu/cs/
2022-12-06 13:46:50,418 [INFO] MainPanel:242 - HeapMemory: 268435456
2022-12-06 13:46:50,512 [INFO] DbMcusXml:77 - Set database path to: C:\ST\STM32CubeIDE_1.7.0\STM32CubeIDE\plugins\com.st.stm32cube.common.mx_6.6.1.202207061420\\db\/mcu/
2022-12-06 13:46:50,512 [INFO] ApiDb:269 - Set plugin database path to: C:\ST\STM32CubeIDE_1.7.0\STM32CubeIDE\plugins\com.st.stm32cube.common.mx_6.6.1.202207061420\\db\/plugins/boardmanager/
2022-12-06 13:46:50,512 [INFO] ApiDb:256 - Set plugin images path to: C:\ST\STM32CubeIDE_1.7.0\STM32CubeIDE\plugins\com.st.stm32cube.common.mx_6.6.1.202207061420\\db\/plugins/mcufinder/images/
2022-12-06 13:46:50,512 [WARN] DbFile:40 - Overriding database path with different value: C:\Users\84977\.stmcufinder\plugins\mcufinder/ => C:\Users\84977\.stmcufinder\plugins\mcufinder
2022-12-06 13:46:50,512 [INFO] ApiDb:249 - Set database path to: C:\Users\84977\.stmcufinder\plugins\mcufinder//mcu/
2022-12-06 13:46:50,512 [WARN] DbFile:40 - Overriding database path with different value: C:\Users\84977\.stmcufinder\plugins\mcufinder/ => C:\Users\84977\.stmcufinder\plugins\mcufinder
2022-12-06 13:46:50,512 [INFO] DbMcusAds:124 - Set database path to: C:\Users\84977\.stmcufinder\plugins\mcufinder//mcu/
2022-12-06 13:46:50,512 [WARN] DbFile:40 - Overriding database path with different value: C:\Users\84977\.stmcufinder\plugins\mcufinder/ => C:\Users\84977\.stmcufinder\plugins\mcufinder
2022-12-06 13:46:50,512 [WARN] DbFile:40 - Overriding database path with different value: C:\Users\84977\.stmcufinder\plugins\mcufinder/ => C:\Users\84977\.stmcufinder\plugins\mcufinder
2022-12-06 13:46:50,512 [INFO] CrossReferenceDbSqlite:201 - Set database path to: C:\Users\84977\.stmcufinder\plugins\mcufinder//mcu/cs/
2022-12-06 13:46:50,527 [INFO] ApplicationProperties:181 - Using Application install path: C:\ST\STM32CubeIDE_1.7.0\STM32CubeIDE\plugins\com.st.stm32cube.common.mx_6.6.1.202207061420
2022-12-06 13:46:50,527 [INFO] PluginManage:193 - Search for loadable plugins [exclusion list=, ]
2022-12-06 13:46:50,527 [INFO] PluginManage:307 - Check plugin analytics
2022-12-06 13:46:50,699 [INFO] AnalyticsPlugin:262 - Accepted Software Licenses: 
2022-12-06 13:46:50,699 [INFO] AnalyticsPlugin:264 - Accepted CMSIS Pack Licenses: 
2022-12-06 13:46:50,699 [INFO] AnalyticsPlugin:266 - Accepted Firmware Licenses: 
2022-12-06 13:46:50,715 [INFO] PluginManage:356 - Loaded plugin analytics (category:tool,tabindex:-1)
2022-12-06 13:46:50,715 [INFO] PluginManage:307 - Check plugin cadmodel
2022-12-06 13:46:50,715 [INFO] CADModel:65 - Init CAD model plugin
2022-12-06 13:46:50,715 [INFO] PluginManage:356 - Loaded plugin cadmodel (category:power,tabindex:5)
2022-12-06 13:46:50,715 [INFO] PluginManage:307 - Check plugin clock
2022-12-06 13:46:50,715 [INFO] PluginManage:356 - Loaded plugin clock (category:base,tabindex:2)
2022-12-06 13:46:50,715 [INFO] PluginManage:307 - Check plugin ddr
2022-12-06 13:46:50,731 [INFO] PluginManage:356 - Loaded plugin ddr (category:tool,tabindex:6)
2022-12-06 13:46:50,731 [INFO] PluginManage:307 - Check plugin filemanager
2022-12-06 13:46:50,855 [INFO] PluginManage:356 - Loaded plugin filemanager (category:base,tabindex:10)
2022-12-06 13:46:50,855 [INFO] PluginManage:307 - Check plugin ipmanager
2022-12-06 13:46:50,855 [INFO] PluginManage:356 - Loaded plugin ipmanager (category:base,tabindex:5)
2022-12-06 13:46:50,855 [INFO] PluginManage:307 - Check plugin lpbam
2022-12-06 13:46:50,871 [INFO] PluginManage:356 - Loaded plugin lpbam (category:base,tabindex:0)
2022-12-06 13:46:50,871 [INFO] PluginManage:307 - Check plugin pinoutandconfiguration
2022-12-06 13:46:50,887 [INFO] PluginManage:356 - Loaded plugin pinoutandconfiguration (category:base,tabindex:1)
2022-12-06 13:46:50,887 [INFO] PluginManage:307 - Check plugin pinoutconfig
2022-12-06 13:46:50,934 [INFO] PluginManage:356 - Loaded plugin pinoutconfig (category:base,tabindex:0)
2022-12-06 13:46:50,934 [INFO] PluginManage:307 - Check plugin power
2022-12-06 13:46:50,934 [INFO] PluginManage:356 - Loaded plugin power (category:power,tabindex:4)
2022-12-06 13:46:50,934 [INFO] PluginManage:307 - Check plugin projectmanager
2022-12-06 13:46:50,965 [INFO] PluginManage:356 - Loaded plugin projectmanager (category:projectmanager,tabindex:3)
2022-12-06 13:46:50,965 [INFO] PluginManage:307 - Check plugin thirdparty
2022-12-06 13:46:51,090 [WARN] IntegrityCheckThread:82 - waiting for thirdparty lock release [integrity check]
2022-12-06 13:46:51,090 [INFO] PluginManage:356 - Loaded plugin thirdparty (category:base,tabindex:-1)
2022-12-06 13:46:51,090 [INFO] IntegrityCheckThread:84 - entering critical section [integrity check]
2022-12-06 13:46:51,090 [INFO] PluginManage:307 - Check plugin tools
2022-12-06 13:46:51,090 [INFO] ThirdPartyUpdaterWithRetryManager:70 - Updater plugin not ready yet. [1/15]
2022-12-06 13:46:51,090 [INFO] PluginManage:356 - Loaded plugin tools (category:base,tabindex:7)
2022-12-06 13:46:51,090 [INFO] PluginManage:307 - Check plugin tutovideos
2022-12-06 13:46:51,309 [INFO] PluginManage:356 - Loaded plugin tutovideos (category:base,tabindex:-1)
2022-12-06 13:46:51,309 [INFO] PluginManage:307 - Check plugin updater
2022-12-06 13:46:51,324 [INFO] PluginManage:356 - Loaded plugin updater (category:base,tabindex:12)
2022-12-06 13:46:51,324 [INFO] PluginManage:280 - PluginManage : Loaded plugins [15]
2022-12-06 13:46:51,558 [INFO] PinOutPanel:1468 - setPackage(No Configuration,No Configuration)
2022-12-06 13:46:51,621 [INFO] CADModel:98 - CPN selected for project level
2022-12-06 13:46:51,637 [INFO] IPUIPlugin:79 - create IPUIPlugin
2022-12-06 13:46:51,637 [INFO] PluginManager:217 - loadIPPluginJar : add adc
2022-12-06 13:46:51,637 [INFO] IPUIPlugin:79 - create IPUIPlugin
2022-12-06 13:46:51,637 [INFO] PluginManager:217 - loadIPPluginJar : add aes
2022-12-06 13:46:51,637 [INFO] IPUIPlugin:79 - create IPUIPlugin
2022-12-06 13:46:51,637 [INFO] PluginManager:217 - loadIPPluginJar : add can
2022-12-06 13:46:51,652 [INFO] IPUIPlugin:79 - create IPUIPlugin
2022-12-06 13:46:51,652 [INFO] PluginManager:217 - loadIPPluginJar : add comp
2022-12-06 13:46:51,652 [INFO] IPUIPlugin:79 - create IPUIPlugin
2022-12-06 13:46:51,652 [INFO] PluginManager:217 - loadIPPluginJar : add cryp
2022-12-06 13:46:51,652 [INFO] IPUIPlugin:79 - create IPUIPlugin
2022-12-06 13:46:51,652 [INFO] PluginManager:217 - loadIPPluginJar : add dfsdm
2022-12-06 13:46:51,652 [INFO] IPUIPlugin:79 - create IPUIPlugin
2022-12-06 13:46:51,652 [INFO] PluginManager:217 - loadIPPluginJar : add dma
2022-12-06 13:46:51,652 [INFO] IPUIPlugin:79 - create IPUIPlugin
2022-12-06 13:46:51,668 [INFO] PluginManager:217 - loadIPPluginJar : add dma3
2022-12-06 13:46:51,668 [INFO] IPUIPlugin:79 - create IPUIPlugin
2022-12-06 13:46:51,668 [INFO] PluginManager:217 - loadIPPluginJar : add fatfs
2022-12-06 13:46:51,668 [INFO] IPUIPlugin:79 - create IPUIPlugin
2022-12-06 13:46:51,668 [INFO] PluginManager:217 - loadIPPluginJar : add fmc
2022-12-06 13:46:51,668 [INFO] IPUIPlugin:79 - create IPUIPlugin
2022-12-06 13:46:51,668 [INFO] PluginManager:217 - loadIPPluginJar : add freertos
2022-12-06 13:46:51,668 [INFO] IPUIPlugin:79 - create IPUIPlugin
2022-12-06 13:46:51,668 [INFO] PluginManager:217 - loadIPPluginJar : add genericplugin
2022-12-06 13:46:51,668 [INFO] IPUIPlugin:79 - create IPUIPlugin
2022-12-06 13:46:51,668 [INFO] PluginManager:217 - loadIPPluginJar : add gfxmmu
2022-12-06 13:46:51,683 [INFO] IPUIPlugin:79 - create IPUIPlugin
2022-12-06 13:46:51,683 [INFO] PluginManager:217 - loadIPPluginJar : add gic
2022-12-06 13:46:51,683 [INFO] IPUIPlugin:79 - create IPUIPlugin
2022-12-06 13:46:51,683 [INFO] PluginManager:217 - loadIPPluginJar : add gpio
2022-12-06 13:46:51,683 [INFO] IPUIPlugin:79 - create IPUIPlugin
2022-12-06 13:46:51,683 [INFO] PluginManager:217 - loadIPPluginJar : add gtzc
2022-12-06 13:46:51,683 [INFO] IPUIPlugin:79 - create IPUIPlugin
2022-12-06 13:46:51,683 [INFO] PluginManager:217 - loadIPPluginJar : add hash
2022-12-06 13:46:51,683 [INFO] IPUIPlugin:79 - create IPUIPlugin
2022-12-06 13:46:51,683 [INFO] PluginManager:217 - loadIPPluginJar : add i2c
2022-12-06 13:46:51,683 [INFO] IPUIPlugin:79 - create IPUIPlugin
2022-12-06 13:46:51,683 [INFO] PluginManager:217 - loadIPPluginJar : add i2s
2022-12-06 13:46:51,699 [INFO] IPUIPlugin:79 - create IPUIPlugin
2022-12-06 13:46:51,699 [INFO] PluginManager:217 - loadIPPluginJar : add ipddr
2022-12-06 13:46:51,699 [INFO] IPUIPlugin:79 - create IPUIPlugin
2022-12-06 13:46:51,699 [INFO] PluginManager:217 - loadIPPluginJar : add linkedlist
2022-12-06 13:46:51,699 [INFO] IPUIPlugin:79 - create IPUIPlugin
2022-12-06 13:46:51,699 [INFO] PluginManager:217 - loadIPPluginJar : add lorawan
2022-12-06 13:46:51,699 [INFO] IPUIPlugin:79 - create IPUIPlugin
2022-12-06 13:46:51,699 [INFO] PluginManager:217 - loadIPPluginJar : add ltdc
2022-12-06 13:46:51,715 [INFO] IPUIPlugin:79 - create IPUIPlugin
2022-12-06 13:46:51,715 [INFO] PluginManager:217 - loadIPPluginJar : add mdma
2022-12-06 13:46:51,715 [INFO] IPUIPlugin:79 - create IPUIPlugin
2022-12-06 13:46:51,715 [INFO] PluginManager:217 - loadIPPluginJar : add nvic
2022-12-06 13:46:51,715 [INFO] IPUIPlugin:79 - create IPUIPlugin
2022-12-06 13:46:51,715 [INFO] PluginManager:217 - loadIPPluginJar : add opamp
2022-12-06 13:46:51,715 [INFO] IPUIPlugin:79 - create IPUIPlugin
2022-12-06 13:46:51,715 [INFO] PluginManager:217 - loadIPPluginJar : add openamp
2022-12-06 13:46:51,730 [INFO] IPUIPlugin:79 - create IPUIPlugin
2022-12-06 13:46:51,730 [INFO] PluginManager:217 - loadIPPluginJar : add pdm2pcm
2022-12-06 13:46:51,730 [INFO] IPUIPlugin:79 - create IPUIPlugin
2022-12-06 13:46:51,730 [INFO] PluginManager:217 - loadIPPluginJar : add plateformsettings
2022-12-06 13:46:51,730 [INFO] IPUIPlugin:79 - create IPUIPlugin
2022-12-06 13:46:51,730 [INFO] PluginManager:217 - loadIPPluginJar : add quadspi
2022-12-06 13:46:51,730 [INFO] IPUIPlugin:79 - create IPUIPlugin
2022-12-06 13:46:51,746 [INFO] PluginManager:217 - loadIPPluginJar : add resmgrutility
2022-12-06 13:46:51,746 [INFO] IPUIPlugin:79 - create IPUIPlugin
2022-12-06 13:46:51,746 [INFO] PluginManager:217 - loadIPPluginJar : add sai
2022-12-06 13:46:51,746 [INFO] IPUIPlugin:79 - create IPUIPlugin
2022-12-06 13:46:51,746 [INFO] PluginManager:217 - loadIPPluginJar : add spi
2022-12-06 13:46:51,746 [INFO] IPUIPlugin:79 - create IPUIPlugin
2022-12-06 13:46:51,746 [INFO] PluginManager:217 - loadIPPluginJar : add stm32_wpan
2022-12-06 13:46:51,746 [INFO] IPUIPlugin:79 - create IPUIPlugin
2022-12-06 13:46:51,746 [INFO] PluginManager:217 - loadIPPluginJar : add tim
2022-12-06 13:46:51,746 [INFO] IPUIPlugin:79 - create IPUIPlugin
2022-12-06 13:46:51,746 [INFO] PluginManager:217 - loadIPPluginJar : add touchsensing
2022-12-06 13:46:51,746 [INFO] IPUIPlugin:79 - create IPUIPlugin
2022-12-06 13:46:51,746 [INFO] PluginManager:217 - loadIPPluginJar : add tracer_emb
2022-12-06 13:46:51,762 [INFO] IPUIPlugin:79 - create IPUIPlugin
2022-12-06 13:46:51,762 [INFO] PluginManager:217 - loadIPPluginJar : add ts
2022-12-06 13:46:51,762 [INFO] IPUIPlugin:79 - create IPUIPlugin
2022-12-06 13:46:51,762 [INFO] PluginManager:217 - loadIPPluginJar : add tsc
2022-12-06 13:46:51,762 [INFO] IPUIPlugin:79 - create IPUIPlugin
2022-12-06 13:46:51,762 [INFO] PluginManager:217 - loadIPPluginJar : add ucpd
2022-12-06 13:46:51,762 [INFO] IPUIPlugin:79 - create IPUIPlugin
2022-12-06 13:46:51,762 [INFO] PluginManager:217 - loadIPPluginJar : add usart
2022-12-06 13:46:51,762 [INFO] IPUIPlugin:79 - create IPUIPlugin
2022-12-06 13:46:51,762 [INFO] PluginManager:217 - loadIPPluginJar : add usbx
2022-12-06 13:46:52,065 [FATAL] Updater:301 - Updater called before beeing initialized
2022-12-06 13:46:52,206 [FATAL] Updater:301 - Updater called before beeing initialized
2022-12-06 13:46:52,221 [INFO] DbMcusAds:52 - JSON generation date=Thu Sep 30 13:55:09 ICT 2021 (1632984909265)
2022-12-06 13:46:52,221 [FATAL] Updater:301 - Updater called before beeing initialized
2022-12-06 13:46:52,253 [WARN] DetailPanel:344 - Failed to get advertising image, set to default
2022-12-06 13:46:52,378 [FATAL] Updater:301 - Updater called before beeing initialized
2022-12-06 13:46:52,378 [FATAL] Updater:301 - Updater called before beeing initialized
2022-12-06 13:46:52,378 [FATAL] Updater:301 - Updater called before beeing initialized
2022-12-06 13:46:52,378 [WARN] DetailPanel:344 - Failed to get advertising image, set to default
2022-12-06 13:46:52,378 [FATAL] Updater:301 - Updater called before beeing initialized
2022-12-06 13:46:52,440 [ERROR] Updater:1105 - MainUpdater not yet initialized. External WinMGr cannot be set.
2022-12-06 13:46:52,456 [INFO] Updater:1041 - Updater Version found : 6.6.1
2022-12-06 13:46:52,456 [INFO] ApplicationProperties:181 - Using Application install path: C:\ST\STM32CubeIDE_1.7.0\STM32CubeIDE\plugins\com.st.stm32cube.common.mx_6.6.1.202207061420
2022-12-06 13:46:52,721 [INFO] MainUpdater:2768 - connection check result : 10
2022-12-06 13:46:52,721 [INFO] MainUpdater:280 - Updater Check For Update Now.
2022-12-06 13:46:52,721 [INFO] MicroXplorer:481 - Change Database Version : DB.6.0.60
2022-12-06 13:46:53,002 [INFO] CheckServerUpdateThread:119 - End of CheckServer Thread
2022-12-06 13:46:53,159 [INFO] MainUpdater:2768 - connection check result : 10
2022-12-06 13:46:53,159 [INFO] McuFinderGlobals:57 - Set McuFinderConnectedMode to true
2022-12-06 13:46:53,377 [INFO] ServerAccessManage:474 - Download File mcusAds.json._tmp_
2022-12-06 13:46:53,502 [INFO] LoadUrlFilesThread:150 - End of LoadUrlFiles Thread
2022-12-06 13:46:53,627 [INFO] ServerAccessManage:474 - Download File cube-finder-db.zip
2022-12-06 13:46:54,096 [WARN] MainUpdater:1184 - Updater busy. Cannot search thirdparties
2022-12-06 13:46:54,096 [INFO] ThirdPartyUpdaterWithRetryManager:96 - Updater plugin is busy. [1/15]
2022-12-06 13:46:57,111 [WARN] MainUpdater:1184 - Updater busy. Cannot search thirdparties
2022-12-06 13:46:57,111 [INFO] ThirdPartyUpdaterWithRetryManager:96 - Updater plugin is busy. [2/15]
2022-12-06 13:47:00,126 [WARN] MainUpdater:1184 - Updater busy. Cannot search thirdparties
2022-12-06 13:47:00,126 [INFO] ThirdPartyUpdaterWithRetryManager:96 - Updater plugin is busy. [3/15]
2022-12-06 13:47:03,141 [WARN] MainUpdater:1184 - Updater busy. Cannot search thirdparties
2022-12-06 13:47:03,141 [INFO] ThirdPartyUpdaterWithRetryManager:96 - Updater plugin is busy. [4/15]
2022-12-06 13:47:06,156 [WARN] MainUpdater:1184 - Updater busy. Cannot search thirdparties
2022-12-06 13:47:06,156 [INFO] ThirdPartyUpdaterWithRetryManager:96 - Updater plugin is busy. [5/15]
2022-12-06 13:47:06,156 [ERROR] LogOutputStream:74 - [STDERR_REDIRECT] SLF4J: Failed to load class "org.slf4j.impl.StaticLoggerBinder".
2022-12-06 13:47:06,156 [ERROR] LogOutputStream:74 - [STDERR_REDIRECT] SLF4J: Defaulting to no-operation (NOP) logger implementation
2022-12-06 13:47:06,156 [ERROR] LogOutputStream:74 - [STDERR_REDIRECT] SLF4J: See http://www.slf4j.org/codes.html#StaticLoggerBinder for further details.
2022-12-06 13:47:09,171 [WARN] MainUpdater:1184 - Updater busy. Cannot search thirdparties
2022-12-06 13:47:09,171 [INFO] ThirdPartyUpdaterWithRetryManager:96 - Updater plugin is busy. [6/15]
2022-12-06 13:47:12,186 [WARN] MainUpdater:1184 - Updater busy. Cannot search thirdparties
2022-12-06 13:47:12,186 [INFO] ThirdPartyUpdaterWithRetryManager:96 - Updater plugin is busy. [7/15]
2022-12-06 13:47:15,201 [WARN] MainUpdater:1184 - Updater busy. Cannot search thirdparties
2022-12-06 13:47:15,201 [INFO] ThirdPartyUpdaterWithRetryManager:96 - Updater plugin is busy. [8/15]
2022-12-06 13:47:18,216 [WARN] MainUpdater:1184 - Updater busy. Cannot search thirdparties
2022-12-06 13:47:18,216 [INFO] ThirdPartyUpdaterWithRetryManager:96 - Updater plugin is busy. [9/15]
2022-12-06 13:47:20,153 [INFO] FileExtend:239 - Unzip File : cube-finder-db.zip
2022-12-06 13:47:20,153 [INFO] FileExtend:254 - Standard Zip Deflate
2022-12-06 13:47:20,949 [INFO] LoadUrlFilesThread:150 - End of LoadUrlFiles Thread
2022-12-06 13:47:21,231 [WARN] MainUpdater:1184 - Updater busy. Cannot search thirdparties
2022-12-06 13:47:21,231 [INFO] ThirdPartyUpdaterWithRetryManager:96 - Updater plugin is busy. [10/15]
2022-12-06 13:47:22,215 [INFO] ServerAccessManage:474 - Download File crdb.zip
2022-12-06 13:47:23,808 [INFO] FileExtend:239 - Unzip File : crdb.zip
2022-12-06 13:47:23,808 [INFO] FileExtend:254 - Standard Zip Deflate
2022-12-06 13:47:23,949 [INFO] LoadUrlFilesThread:150 - End of LoadUrlFiles Thread
2022-12-06 13:47:24,121 [INFO] ServerAccessManage:474 - Download File tutoVideoDB.zip
2022-12-06 13:47:24,246 [WARN] MainUpdater:1184 - Updater busy. Cannot search thirdparties
2022-12-06 13:47:24,246 [INFO] ThirdPartyUpdaterWithRetryManager:96 - Updater plugin is busy. [11/15]
2022-12-06 13:47:24,246 [INFO] FileExtend:239 - Unzip File : tutoVideoDB.zip
2022-12-06 13:47:24,246 [INFO] FileExtend:254 - Standard Zip Deflate
2022-12-06 13:47:24,371 [INFO] LoadUrlFilesThread:150 - End of LoadUrlFiles Thread
2022-12-06 13:47:24,371 [INFO] JxBrowserEngine:106 - Initiate JxBrowser Engine with user profile folder
2022-12-06 13:47:24,574 [ERROR] JxBrowserEngine:59 - Can't initiate JxBrowser engine com.teamdev.jxbrowser.engine.ChromiumBinariesExtractionException: Failed to extract Chromium binaries into C:\Users\84977\.stm32cubemx\.jxbrowser\Chromium
2022-12-06 13:47:24,574 [WARN] DbFile:40 - Overriding database path with different value: C:\Users\84977\.stmcufinder\plugins\mcufinder/ => C:\Users\84977\.stmcufinder\plugins\mcufinder
2022-12-06 13:47:24,667 [INFO] ServerAccessManage:474 - Download File api_config.json
2022-12-06 13:47:24,777 [INFO] LoadUrlFilesThread:150 - End of LoadUrlFiles Thread
2022-12-06 13:47:24,777 [INFO] DbMcusAds:52 - JSON generation date=Thu Sep 30 13:55:09 ICT 2021 (1632984909377)
2022-12-06 13:47:24,808 [INFO] LoadUrlFilesThread:177 - End of LoadServerUrlFiles without Thread
2022-12-06 13:47:24,808 [INFO] TargetSelectorAdapter:228 - Refresh data is successful
2022-12-06 13:47:24,902 [INFO] ApiDb:576 - Connected to CubeFinder SQLite database (C:\Users\84977\.stmcufinder\plugins\mcufinder\mcu\cube-finder-db.db)
2022-12-06 13:47:24,949 [INFO] ApiDb:663 - CubeFinder database Data Model version=2.1
2022-12-06 13:47:24,949 [INFO] ApiDb:664 - CubeFinder database Configuration version=3.0.35
2022-12-06 13:47:24,949 [INFO] ApiDb:665 - CubeFinder database generation date=2022-11-18 (1668769384)
2022-12-06 13:47:24,949 [INFO] ApiDb:666 - CubeFinder database FW Pack versions=[FP-ATR-ASTRA1_V1.1.1, STM32Cube_FW_C0_V1.0.0, STM32Cube_FW_F4_V1.27.1, STM32Cube_FW_F7_V1.17.0, STM32Cube_FW_G0_V1.6.1, STM32Cube_FW_G4_V1.5.0, STM32Cube_FW_H5_V0.5.1, STM32Cube_FW_H7_V1.11.0, STM32Cube_FW_L5_V1.5.0, STM32Cube_FW_U5_V1.1.1, STM32Cube_FW_WBA_V0.2.0, STM32Cube_FW_WB_V1.15.0, STM32Cube_FW_WB_V1.15.0RC1, STM32Cube_FW_WL_V1.3.0, X-CUBE-ALGOBUILD_V1.3.0, X-CUBE-ALS_V1.0.1, X-CUBE-AZRTOS-F4_V1.1.0, X-CUBE-AZRTOS-F7_V1.1.0, X-CUBE-AZRTOS-G0_V1.1.0, X-CUBE-AZRTOS-G4_V1.0.0, X-CUBE-AZRTOS-H7_V2.1.0, X-CUBE-AZRTOS-L4_V1.0.0, X-CUBE-AZRTOS-L5_V1.0.0, X-CUBE-AZRTOS-WL_V1.0.0, X-CUBE-BLE1_V6.2.4, X-CUBE-BLE2_V3.3.0, X-CUBE-BLEMGR_V1.2.0, X-CUBE-EEPRMA1_V3.1.1, X-CUBE-GNSS1_V6.0.0, X-CUBE-MEMS1_V9.1.0, X-CUBE-MEMS1_V9.3.0, X-CUBE-NFC4_V2.0.4, X-CUBE-NFC7_V1.0.0, X-CUBE-SFXS2LP1_V4.0.0, X-CUBE-SUBG2_V5.0.0]
2022-12-06 13:47:26,589 [INFO] ApiDb:239 - Found 138 in-development CPN: [B-WB1M-WPAN1, NUCLEO-C031C6, STEVAL-STWINBX1, STM320518-EVAL, STM32C0116-DK, STM32C011D6Y3TR, STM32C011D6Y6TR, STM32C011F4P3, STM32C011F4P6, STM32C011F4U3, STM32C011F4U6TR, STM32C011F6P3, STM32C011F6P6, STM32C011F6U3, STM32C011F6U6TR, STM32C011J4M3, STM32C011J4M6, STM32C011J6M3, STM32C011J6M6, STM32C0316-DK, STM32C031C4T3, STM32C031C4T6, STM32C031C4U3, STM32C031C4U6, STM32C031C6T3, STM32C031C6T6, STM32C031C6U3, STM32C031C6U6, STM32C031F4P3, STM32C031F4P6, STM32C031F6P3, STM32C031F6P6, STM32C031G4U3, STM32C031G4U6, STM32C031G6U3, STM32C031G6U6, STM32C031K4T3, STM32C031K4T6, STM32C031K4U3, STM32C031K4U6, STM32C031K6T3, STM32C031K6T6, STM32C031K6U3, STM32C031K6U6, STM32G071K8TXN, STM32G071K8UXN, STM32G081GBU6N, STM32G081KBT6N, STM32G081KBUXN, STM32G0B1CCT6N, STM32G0B1KCT6, STM32G0B1NEY6TR, STM32G0B1RCT6N, STM32G0C1CCT6, STM32G0C1CCT6N, STM32G0C1CCU6N, STM32G0C1CET6N, STM32G0C1CEU6N, STM32G0C1KCT6, STM32G0C1NEY6TR, STM32G0C1RCI6N, STM32G0C1RCT6N, STM32G0C1REI6N, STM32G0C1RET6N, STM32G0C1VCI6, STM32G0C1VEI6, STM32G471CCT6, STM32G471CCU6, STM32G471CET3, STM32G471CET6, STM32G471CEU3, STM32G471CEU6, STM32G471MCT6, STM32G471MET3, STM32G471MET6, STM32G471MEY6TR, STM32G471QCT6, STM32G471QET3, STM32G471RCT6, STM32G471RET3, STM32G471RET6, STM32G471VCH6, STM32G471VCI6, STM32G471VCT6, STM32G471VEH3, STM32G471VEH6, STM32G471VEI3, STM32G471VEI6, STM32G471VET3, STM32G471VET6, STM32G474CCT6, STM32L476VGY6PTR, STM32L4R5QGI6STR, STM32MP131AAE3, STM32MP131AAF3, STM32MP131AAG3, STM32MP131CAE3, STM32MP131CAF3, STM32MP131CAG3, STM32MP131DAE7, STM32MP131DAF7, STM32MP131DAG7, STM32MP131FAE7, STM32MP131FAF7, STM32MP131FAG7, STM32MP133AAE3, STM32MP133AAF3, STM32MP133AAG3, STM32MP133CAE3, STM32MP133CAF3, STM32MP133CAG3, STM32MP133DAE7, STM32MP133DAF7, STM32MP133DAG7, STM32MP133FAE7, STM32MP133FAF7, STM32MP133FAG7, STM32MP135AAE3, STM32MP135AAF3, STM32MP135AAG3, STM32MP135CAE3, STM32MP135CAF3, STM32MP135CAG3, STM32MP135DAE7, STM32MP135DAF7, STM32MP135DAG7, STM32MP135F-DK, STM32MP135FAE7, STM32MP135FAF7, STM32MP135FAG7, STM32U595ZJT6Q, STM32U599BJY6QTR, STM32U599NIH6Q, STM32U599NJH6Q, STM32U5A5ZJT6Q, STM32U5A9BJY6QTR, STM32U5A9NJH6Q, STM32WB1MMCH6]
2022-12-06 13:47:26,589 [INFO] DbMcus:215 - Found 3580 MCUs, 3580 are supported
2022-12-06 13:47:26,589 [INFO] ApiDb:418 - Load user favorites file C:\Users\84977/.stm32cubeide/favorites.mcus.txt: 0 item(s)
2022-12-06 13:47:26,589 [INFO] ApiDb:422 - User favorites MCUs=[]
2022-12-06 13:47:26,589 [INFO] DbMcus:221 - Set 0 / 0 favorites MCUs
2022-12-06 13:47:26,589 [INFO] ApiDb:663 - CubeFinder database Data Model version=2.1
2022-12-06 13:47:26,589 [INFO] ApiDb:664 - CubeFinder database Configuration version=3.0.35
2022-12-06 13:47:26,589 [INFO] ApiDb:665 - CubeFinder database generation date=2022-11-18 (1668769384)
2022-12-06 13:47:26,589 [INFO] ApiDb:666 - CubeFinder database FW Pack versions=[FP-ATR-ASTRA1_V1.1.1, STM32Cube_FW_C0_V1.0.0, STM32Cube_FW_F4_V1.27.1, STM32Cube_FW_F7_V1.17.0, STM32Cube_FW_G0_V1.6.1, STM32Cube_FW_G4_V1.5.0, STM32Cube_FW_H5_V0.5.1, STM32Cube_FW_H7_V1.11.0, STM32Cube_FW_L5_V1.5.0, STM32Cube_FW_U5_V1.1.1, STM32Cube_FW_WBA_V0.2.0, STM32Cube_FW_WB_V1.15.0, STM32Cube_FW_WB_V1.15.0RC1, STM32Cube_FW_WL_V1.3.0, X-CUBE-ALGOBUILD_V1.3.0, X-CUBE-ALS_V1.0.1, X-CUBE-AZRTOS-F4_V1.1.0, X-CUBE-AZRTOS-F7_V1.1.0, X-CUBE-AZRTOS-G0_V1.1.0, X-CUBE-AZRTOS-G4_V1.0.0, X-CUBE-AZRTOS-H7_V2.1.0, X-CUBE-AZRTOS-L4_V1.0.0, X-CUBE-AZRTOS-L5_V1.0.0, X-CUBE-AZRTOS-WL_V1.0.0, X-CUBE-BLE1_V6.2.4, X-CUBE-BLE2_V3.3.0, X-CUBE-BLEMGR_V1.2.0, X-CUBE-EEPRMA1_V3.1.1, X-CUBE-GNSS1_V6.0.0, X-CUBE-MEMS1_V9.1.0, X-CUBE-MEMS1_V9.3.0, X-CUBE-NFC4_V2.0.4, X-CUBE-NFC7_V1.0.0, X-CUBE-SFXS2LP1_V4.0.0, X-CUBE-SUBG2_V5.0.0]
2022-12-06 13:47:26,682 [INFO] DbBoardsSqlite:227 - include board P-NUCLEO-WB55-NUCLEO as a kit item of type 'Nucleo-64'
2022-12-06 13:47:26,682 [INFO] DbBoardsSqlite:227 - include board P-NUCLEO-WB55-USBDONGLE as a kit item of type 'Nucleo USB Dongle'
2022-12-06 13:47:26,682 [INFO] DbBoardsSqlite:227 - include board STEVAL-IDP005V1 as a kit item of type 'Evaluation Board'
2022-12-06 13:47:26,682 [INFO] DbBoardsSqlite:227 - include board STEVAL-IDP005V2 as a kit item of type 'Evaluation Board'
2022-12-06 13:47:26,714 [INFO] ApiDb:239 - Found 138 in-development CPN: [B-WB1M-WPAN1, NUCLEO-C031C6, STEVAL-STWINBX1, STM320518-EVAL, STM32C0116-DK, STM32C011D6Y3TR, STM32C011D6Y6TR, STM32C011F4P3, STM32C011F4P6, STM32C011F4U3, STM32C011F4U6TR, STM32C011F6P3, STM32C011F6P6, STM32C011F6U3, STM32C011F6U6TR, STM32C011J4M3, STM32C011J4M6, STM32C011J6M3, STM32C011J6M6, STM32C0316-DK, STM32C031C4T3, STM32C031C4T6, STM32C031C4U3, STM32C031C4U6, STM32C031C6T3, STM32C031C6T6, STM32C031C6U3, STM32C031C6U6, STM32C031F4P3, STM32C031F4P6, STM32C031F6P3, STM32C031F6P6, STM32C031G4U3, STM32C031G4U6, STM32C031G6U3, STM32C031G6U6, STM32C031K4T3, STM32C031K4T6, STM32C031K4U3, STM32C031K4U6, STM32C031K6T3, STM32C031K6T6, STM32C031K6U3, STM32C031K6U6, STM32G071K8TXN, STM32G071K8UXN, STM32G081GBU6N, STM32G081KBT6N, STM32G081KBUXN, STM32G0B1CCT6N, STM32G0B1KCT6, STM32G0B1NEY6TR, STM32G0B1RCT6N, STM32G0C1CCT6, STM32G0C1CCT6N, STM32G0C1CCU6N, STM32G0C1CET6N, STM32G0C1CEU6N, STM32G0C1KCT6, STM32G0C1NEY6TR, STM32G0C1RCI6N, STM32G0C1RCT6N, STM32G0C1REI6N, STM32G0C1RET6N, STM32G0C1VCI6, STM32G0C1VEI6, STM32G471CCT6, STM32G471CCU6, STM32G471CET3, STM32G471CET6, STM32G471CEU3, STM32G471CEU6, STM32G471MCT6, STM32G471MET3, STM32G471MET6, STM32G471MEY6TR, STM32G471QCT6, STM32G471QET3, STM32G471RCT6, STM32G471RET3, STM32G471RET6, STM32G471VCH6, STM32G471VCI6, STM32G471VCT6, STM32G471VEH3, STM32G471VEH6, STM32G471VEI3, STM32G471VEI6, STM32G471VET3, STM32G471VET6, STM32G474CCT6, STM32L476VGY6PTR, STM32L4R5QGI6STR, STM32MP131AAE3, STM32MP131AAF3, STM32MP131AAG3, STM32MP131CAE3, STM32MP131CAF3, STM32MP131CAG3, STM32MP131DAE7, STM32MP131DAF7, STM32MP131DAG7, STM32MP131FAE7, STM32MP131FAF7, STM32MP131FAG7, STM32MP133AAE3, STM32MP133AAF3, STM32MP133AAG3, STM32MP133CAE3, STM32MP133CAF3, STM32MP133CAG3, STM32MP133DAE7, STM32MP133DAF7, STM32MP133DAG7, STM32MP133FAE7, STM32MP133FAF7, STM32MP133FAG7, STM32MP135AAE3, STM32MP135AAF3, STM32MP135AAG3, STM32MP135CAE3, STM32MP135CAF3, STM32MP135CAG3, STM32MP135DAE7, STM32MP135DAF7, STM32MP135DAG7, STM32MP135F-DK, STM32MP135FAE7, STM32MP135FAF7, STM32MP135FAG7, STM32U595ZJT6Q, STM32U599BJY6QTR, STM32U599NIH6Q, STM32U599NJH6Q, STM32U5A5ZJT6Q, STM32U5A9BJY6QTR, STM32U5A9NJH6Q, STM32WB1MMCH6]
2022-12-06 13:47:26,823 [INFO] BoardInfo:879 - No configuration file found for board P-NUCLEO-WB55
2022-12-06 13:47:26,823 [INFO] DbBoards:156 - Kit is not supported: P-NUCLEO-WB55
2022-12-06 13:47:26,839 [INFO] BoardInfo:879 - No configuration file found for board STEVAL-BFA001V1B
2022-12-06 13:47:26,839 [INFO] DbBoards:156 - Kit is not supported: STEVAL-BFA001V1B
2022-12-06 13:47:26,839 [INFO] BoardInfo:879 - No configuration file found for board STEVAL-BFA001V2B
2022-12-06 13:47:26,839 [INFO] DbBoards:156 - Kit is not supported: STEVAL-BFA001V2B
2022-12-06 13:47:26,839 [INFO] BoardInfo:879 - No configuration file found for board STEVAL-PROTEUS1
2022-12-06 13:47:26,839 [INFO] DbBoards:156 - Board is not supported: STEVAL-PROTEUS1
2022-12-06 13:47:26,948 [INFO] DbBoards:160 - Found 178 boards, 174 are supported
2022-12-06 13:47:26,964 [INFO] ApiDb:409 - User favorites file not found: C:\Users\84977/.stm32cubeide/favorites.boards.txt
2022-12-06 13:47:26,964 [INFO] DbBoards:189 - Set 0 / 0 favorites Boards
2022-12-06 13:47:26,964 [INFO] ApiDb:663 - CubeFinder database Data Model version=2.1
2022-12-06 13:47:26,964 [INFO] ApiDb:664 - CubeFinder database Configuration version=3.0.35
2022-12-06 13:47:26,964 [INFO] ApiDb:665 - CubeFinder database generation date=2022-11-18 (1668769384)
2022-12-06 13:47:26,964 [INFO] ApiDb:666 - CubeFinder database FW Pack versions=[FP-ATR-ASTRA1_V1.1.1, STM32Cube_FW_C0_V1.0.0, STM32Cube_FW_F4_V1.27.1, STM32Cube_FW_F7_V1.17.0, STM32Cube_FW_G0_V1.6.1, STM32Cube_FW_G4_V1.5.0, STM32Cube_FW_H5_V0.5.1, STM32Cube_FW_H7_V1.11.0, STM32Cube_FW_L5_V1.5.0, STM32Cube_FW_U5_V1.1.1, STM32Cube_FW_WBA_V0.2.0, STM32Cube_FW_WB_V1.15.0, STM32Cube_FW_WB_V1.15.0RC1, STM32Cube_FW_WL_V1.3.0, X-CUBE-ALGOBUILD_V1.3.0, X-CUBE-ALS_V1.0.1, X-CUBE-AZRTOS-F4_V1.1.0, X-CUBE-AZRTOS-F7_V1.1.0, X-CUBE-AZRTOS-G0_V1.1.0, X-CUBE-AZRTOS-G4_V1.0.0, X-CUBE-AZRTOS-H7_V2.1.0, X-CUBE-AZRTOS-L4_V1.0.0, X-CUBE-AZRTOS-L5_V1.0.0, X-CUBE-AZRTOS-WL_V1.0.0, X-CUBE-BLE1_V6.2.4, X-CUBE-BLE2_V3.3.0, X-CUBE-BLEMGR_V1.2.0, X-CUBE-EEPRMA1_V3.1.1, X-CUBE-GNSS1_V6.0.0, X-CUBE-MEMS1_V9.1.0, X-CUBE-MEMS1_V9.3.0, X-CUBE-NFC4_V2.0.4, X-CUBE-NFC7_V1.0.0, X-CUBE-SFXS2LP1_V4.0.0, X-CUBE-SUBG2_V5.0.0]
2022-12-06 13:47:27,385 [WARN] PackLoader:242 - Cannot read IP mode file for STMicroelectronics.X-CUBE-GNSS1.6.0.0
2022-12-06 13:47:27,432 [WARN] PackLoader:242 - Cannot read IP mode file for STMicroelectronics.X-CUBE-AZRTOS-F4.1.1.0
2022-12-06 13:47:27,448 [WARN] PackLoader:242 - Cannot read IP mode file for STMicroelectronics.X-CUBE-BLEMGR.1.2.0
2022-12-06 13:47:27,479 [WARN] PackLoader:242 - Cannot read IP mode file for STMicroelectronics.X-CUBE-AZRTOS-F7.1.1.0
2022-12-06 13:47:27,495 [WARN] PackLoader:242 - Cannot read IP mode file for STMicroelectronics.X-CUBE-BLE1.6.2.3
2022-12-06 13:47:27,495 [WARN] PackLoader:242 - Cannot read IP mode file for STMicroelectronics.X-CUBE-BLE1.6.2.4
2022-12-06 13:47:27,495 [WARN] PackLoader:242 - Cannot read IP mode file for STMicroelectronics.X-CUBE-NFC4.2.0.5
2022-12-06 13:47:27,510 [WARN] PackLoader:242 - Cannot read IP mode file for STMicroelectronics.X-CUBE-NFC4.2.0.4
2022-12-06 13:47:27,526 [WARN] PackLoader:242 - Cannot read IP mode file for STMicroelectronics.X-CUBE-TOF1.3.1.0
2022-12-06 13:47:27,542 [WARN] PackLoader:242 - Cannot read IP mode file for STMicroelectronics.X-CUBE-NFC7.1.0.0
2022-12-06 13:47:27,635 [WARN] PackLoader:242 - Cannot read IP mode file for STMicroelectronics.X-CUBE-MEMS1.9.3.0
2022-12-06 13:47:27,807 [INFO] DbExamplesSqlite:374 - Ignored 31 examples not supported by CubeIDE
2022-12-06 13:47:27,807 [INFO] DbExamplesSqlite:375 - Found 6217 examples active
2022-12-06 13:47:27,807 [INFO] DbExamplesSqlite:376 - Found 275 examples obsolete
2022-12-06 13:47:27,807 [INFO] DbExamplesSqlite:377 - Found 0 examples under development
2022-12-06 13:47:27,807 [INFO] DbExamplesSqlite:378 - Found 77 examples not building
2022-12-06 13:47:27,823 [INFO] DbExamples:124 - Found 6263 examples
2022-12-06 13:47:27,823 [WARN] PackLoader:242 - Cannot read IP mode file for STMicroelectronics.X-CUBE-AI.7.2.0
2022-12-06 13:47:27,838 [WARN] PackLoader:242 - Cannot read IP mode file for STMicroelectronics.X-CUBE-SFXS2LP1.4.0.0
2022-12-06 13:47:27,838 [WARN] PackLoader:242 - Cannot read IP mode file for STMicroelectronics.X-CUBE-BLE2.3.3.0
2022-12-06 13:47:27,854 [WARN] PackLoader:242 - Cannot read IP mode file for STMicroelectronics.X-CUBE-DISPLAY.2.2.0
2022-12-06 13:47:27,870 [WARN] PackLoader:242 - Cannot read IP mode file for STMicroelectronics.X-CUBE-TOF1.3.2.0
2022-12-06 13:47:27,885 [WARN] PackLoader:242 - Cannot read IP mode file for STMicroelectronics.X-CUBE-ISPU.1.0.0
2022-12-06 13:47:27,885 [WARN] PackLoader:242 - Cannot read IP mode file for STMicroelectronics.X-CUBE-ISPU.1.1.0
2022-12-06 13:47:27,901 [WARN] PackLoader:242 - Cannot read IP mode file for RoweBots.I-CUBE-UNISONRTOS.5.5.0-4
2022-12-06 13:47:27,901 [ERROR] DbExamples:207 - Found 120 examples with invalid data (board or MCU)
2022-12-06 13:47:27,901 [INFO] DbExamples:221 - Found 77 boards with related examples
2022-12-06 13:47:27,917 [INFO] DbExamples:234 - Found 62 MCUs with related examples
2022-12-06 13:47:27,932 [WARN] PackLoader:242 - Cannot read IP mode file for STMicroelectronics.X-CUBE-AZRTOS-H7.2.1.0
2022-12-06 13:47:27,932 [INFO] ApiDb:409 - User favorites file not found: C:\Users\84977/.stm32cubeide/favorites.examples.txt
2022-12-06 13:47:27,932 [INFO] DbExamples:249 - Set 0 / 0 favorites Examples
2022-12-06 13:47:27,932 [WARN] PackLoader:242 - Cannot read IP mode file for wolfSSL.I-CUBE-wolfSSL.5.4.0
2022-12-06 13:47:27,963 [WARN] PackLoader:242 - Cannot read IP mode file for STMicroelectronics.X-CUBE-BLEMGR.1.0.0
2022-12-06 13:47:28,088 [WARN] PackLoader:242 - Cannot read IP mode file for STMicroelectronics.X-CUBE-MEMS1.9.4.0
2022-12-06 13:47:28,104 [INFO] McuFinderGlobals:57 - Set McuFinderConnectedMode to true
2022-12-06 13:47:28,120 [INFO] MultiScanPanel:195 - Auto-refresh data requested => check proxy status ongoing
2022-12-06 13:47:28,135 [INFO] FinderPluginLoader:92 - Searching for filters in installed packs
2022-12-06 13:47:28,260 [WARN] PackLoader:242 - Cannot read IP mode file for STMicroelectronics.X-CUBE-AI.7.3.0
2022-12-06 13:47:28,276 [WARN] PackLoader:242 - Cannot read IP mode file for STMicroelectronics.X-CUBE-ALGOBUILD.1.3.0
2022-12-06 13:47:28,291 [WARN] PackLoader:242 - Cannot read IP mode file for STMicroelectronics.X-CUBE-AZRTOS-L5.1.1.0
2022-12-06 13:47:28,323 [WARN] PackLoader:242 - Cannot read IP mode file for STMicroelectronics.X-CUBE-AZRTOS-G0.1.1.0
2022-12-06 13:47:28,323 [WARN] PackLoader:242 - Cannot read IP mode file for STMicroelectronics.X-CUBE-SUBG2.5.0.0
2022-12-06 13:47:28,385 [WARN] PackLoader:242 - Cannot read IP mode file for SEGGER.I-CUBE-embOS.1.2.0
2022-12-06 13:47:28,432 [WARN] PackLoader:242 - Cannot read IP mode file for STMicroelectronics.FP-ATR-ASTRA1.1.1.1
2022-12-06 13:47:28,448 [WARN] PackLoader:242 - Cannot read IP mode file for STMicroelectronics.X-CUBE-BLEMGR.1.3.0
2022-12-06 13:47:28,463 [WARN] PackLoader:242 - Cannot read IP mode file for STMicroelectronics.X-CUBE-AZRTOS-G4.1.0.0
2022-12-06 13:47:28,463 [WARN] PackLoader:242 - Cannot read IP mode file for STMicroelectronics.FP-ATR-SIGFOX1.3.2.0
2022-12-06 13:47:28,495 [WARN] PackLoader:242 - Cannot read IP mode file for STMicroelectronics.X-CUBE-AZRTOS-L4.1.0.0
2022-12-06 13:47:28,495 [WARN] PackLoader:242 - Cannot read IP mode file for emotas.I-CUBE-CANOPEN.1.1.2
2022-12-06 13:47:28,510 [WARN] PackLoader:242 - Cannot read IP mode file for STMicroelectronics.X-CUBE-TOUCHGFX.4.20.0
2022-12-06 13:47:28,526 [WARN] PackLoader:242 - Cannot read IP mode file for STMicroelectronics.X-CUBE-AZRTOS-WL.1.0.0
2022-12-06 13:47:28,526 [WARN] PackLoader:242 - Cannot read IP mode file for portGmbH.I-Cube-SoM-uGOAL.1.1.0
2022-12-06 13:47:28,526 [WARN] PackLoader:242 - Cannot read IP mode file for STMicroelectronics.X-CUBE-ALS.1.0.1
2022-12-06 13:47:28,541 [WARN] PackLoader:242 - Cannot read IP mode file for STMicroelectronics.X-CUBE-AZRTOS-WB.1.1.0
2022-12-06 13:47:28,573 [WARN] PackLoader:242 - Cannot read IP mode file for STMicroelectronics.X-CUBE-AZRTOS-L5.1.0.0
2022-12-06 13:47:28,588 [WARN] PackLoader:242 - Cannot read IP mode file for STMicroelectronics.X-CUBE-EEPRMA1.3.1.1
2022-12-06 13:47:28,588 [INFO] ThirdParty:929 - Integrity check success = true
2022-12-06 13:47:28,604 [INFO] IntegrityCheckThread:98 - exiting critical section [integrity check]
2022-12-06 13:47:28,604 [INFO] IntegrityCheckThread:101 - End integrity checks thread
2022-12-06 13:47:29,463 [INFO] LoadUrlFilesThread:177 - End of LoadServerUrlFiles without Thread
2022-12-06 13:47:29,479 [INFO] DetailPanel:339 - Set advertising image to C:/Users/84977/STM32Cube/Repository/\en.Prom_NBSTM32U50921.jpg
2022-12-06 13:47:30,119 [INFO] ToolPreferences:109 - Table McuList, key=mcufinder_cubeide.mculist: column name not found=IO
2022-12-06 13:47:30,119 [INFO] ToolPreferences:109 - Table McuList, key=mcufinder_cubeide.mculist: column name not found=Freq.
2022-12-06 13:48:03,549 [INFO] MainUpdater:2768 - connection check result : 10
2022-12-06 13:48:03,549 [INFO] MainUpdater:2768 - connection check result : 10
2022-12-06 13:48:03,581 [INFO] MicroXplorer:451 - Change Database Path : 
2022-12-06 13:48:03,581 [INFO] MicroXplorer:481 - Change Database Version : DB.6.0.60
2022-12-06 13:48:03,581 [WARN] ThirdParty:827 - waiting for thirdparty lock release [close project]
2022-12-06 13:48:03,581 [INFO] ThirdParty:829 - entering critical section [close project]
2022-12-06 13:48:03,581 [INFO] ThirdParty:839 - exiting critical section [close project]
2022-12-06 13:48:03,596 [INFO] PinOutPanel:1468 - setPackage(No Configuration,No Configuration)
2022-12-06 13:48:03,596 [INFO] UtilMem:74 - Begin LoadConfig() Used Memory: 426760384 Bytes (493879296)
2022-12-06 13:48:03,596 [INFO] MicroXplorer:451 - Change Database Path : 
2022-12-06 13:48:03,596 [INFO] MicroXplorer:481 - Change Database Version : DB.6.0.60
2022-12-06 13:48:03,596 [INFO] OpenFileManager:307 - Change cursor
2022-12-06 13:48:03,706 [INFO] Mcu:1922 - Initializing MCU STM32F103C6Tx STM32F103C6Tx 
2022-12-06 13:48:03,706 [INFO] Mcu:1935 - No CPN specified => set CPN to STM32F103C6T6A
2022-12-06 13:48:04,487 [INFO] Context:654 - Trying to add GPIOservice into a context  which must be forbidden
2022-12-06 13:48:04,705 [INFO] ImportTextPane:193 - (OptionalMessage_ERROR) Unable to find key (Mcu.ThirdPartyNb) in loaded IOC file
2022-12-06 13:48:04,705 [INFO] ImportTextPane:193 - (OptionalMessage_ERROR) Unable to find key (Mcu.PinsNb) in loaded IOC file
2022-12-06 13:48:04,705 [INFO] ImportTextPane:193 - (OptionalMessage_ERROR) Unable to find key (Mcu.IPNb) in loaded IOC file
2022-12-06 13:48:04,768 [WARN] ApiManager:308 - Cannot register API 'Board Extension:GNSS1A1' from pack STMicroelectronics.X-CUBE-GNSS1.6.0.0: no header file found
2022-12-06 13:48:04,768 [WARN] ApiManager:308 - Cannot register API 'Board Support:Custom' from pack STMicroelectronics.X-CUBE-GNSS1.6.0.0: no header file found
2022-12-06 13:48:04,768 [WARN] ApiManager:308 - Cannot register API 'Data Exchange:lib_gnss' from pack STMicroelectronics.X-CUBE-GNSS1.6.0.0: no header file found
2022-12-06 13:48:04,909 [WARN] ApiManager:308 - Cannot register API 'Board Extension:IKS01A3' from pack STMicroelectronics.X-CUBE-MEMS1.9.4.0: no header file found
2022-12-06 13:48:04,909 [WARN] ApiManager:308 - Cannot register API 'Board Extension:IKS01A2' from pack STMicroelectronics.X-CUBE-MEMS1.9.4.0: no header file found
2022-12-06 13:48:04,909 [WARN] ApiManager:308 - Cannot register API 'Board Extension:IKS02A1' from pack STMicroelectronics.X-CUBE-MEMS1.9.4.0: no header file found
2022-12-06 13:48:04,924 [WARN] ApiManager:308 - Cannot register API 'Wireless:BlueNRG-MS' from pack STMicroelectronics.X-CUBE-BLE1.6.2.3: no header file found
2022-12-06 13:48:04,924 [WARN] ApiManager:308 - Cannot register API 'Wireless:BlueNRG-MS' from pack STMicroelectronics.X-CUBE-BLE1.6.2.4: no header file found
2022-12-06 13:48:04,924 [INFO] RtosManager:488 - Registered RTOS mode: class=CMSIS, group=RTOS, mode=CMSIS_V1, owner=FREERTOS
2022-12-06 13:48:04,924 [INFO] RtosManager:488 - Registered RTOS mode: class=CMSIS, group=RTOS2, mode=CMSIS_V2, owner=FREERTOS
2022-12-06 13:48:04,924 [INFO] RtosManager:488 - Registered RTOS mode: class=RTOS, group=Core, mode=CMSIS_V1, owner=FREERTOS
2022-12-06 13:48:04,924 [INFO] RtosManager:488 - Registered RTOS mode: class=RTOS, group=Core, mode=CMSIS_V2, owner=FREERTOS
2022-12-06 13:48:04,924 [WARN] ModelIntegratedComponent:185 - Missing modes for component STMicroelectronics:FreeRTOS:0.0.1:STMicroelectronics:RTOS:FreeRTOS:Core:::10.2.0:
2022-12-06 13:48:04,924 [WARN] ApiManager:308 - Cannot register API 'Board Extension:S2868A1' from pack STMicroelectronics.X-CUBE-SUBG2.5.0.0: no header file found
2022-12-06 13:48:04,924 [WARN] ApiManager:308 - Cannot register API 'Board Extension:S2868A2' from pack STMicroelectronics.X-CUBE-SUBG2.5.0.0: no header file found
2022-12-06 13:48:04,924 [WARN] ApiManager:308 - Cannot register API 'Board Extension:S2915A1' from pack STMicroelectronics.X-CUBE-SUBG2.5.0.0: no header file found
2022-12-06 13:48:04,924 [WARN] ApiManager:308 - Cannot register API 'Board Extension:NFC04A1' from pack STMicroelectronics.X-CUBE-NFC4.2.0.5: no header file found
2022-12-06 13:48:04,924 [WARN] ApiManager:308 - Cannot register API 'Board Extension:NFC04A1' from pack STMicroelectronics.X-CUBE-NFC4.2.0.4: no header file found
2022-12-06 13:48:04,940 [WARN] ModelIntegratedComponent:64 - No mode defined for component null
2022-12-06 13:48:04,940 [WARN] ModelIntegratedComponent:64 - No mode defined for component null
2022-12-06 13:48:04,940 [WARN] ModelIntegratedComponent:64 - No mode defined for component null
2022-12-06 13:48:04,940 [WARN] ModelIntegratedComponent:64 - No mode defined for component null
2022-12-06 13:48:04,940 [WARN] ModelIntegratedComponent:64 - No mode defined for component null
2022-12-06 13:48:04,940 [WARN] ModelIntegratedComponent:64 - No mode defined for component null
2022-12-06 13:48:04,940 [WARN] ModelIntegratedComponent:64 - No mode defined for component null
2022-12-06 13:48:04,940 [WARN] ModelIntegratedComponent:64 - No mode defined for component null
2022-12-06 13:48:04,940 [WARN] ModelIntegratedComponent:64 - No mode defined for component null
2022-12-06 13:48:04,940 [WARN] ModelIntegratedComponent:64 - No mode defined for component null
2022-12-06 13:48:04,940 [WARN] ModelIntegratedComponent:64 - No mode defined for component null
2022-12-06 13:48:04,940 [WARN] ModelIntegratedComponent:64 - No mode defined for component null
2022-12-06 13:48:04,940 [WARN] ModelIntegratedComponent:64 - No mode defined for component null
2022-12-06 13:48:04,940 [WARN] ModelIntegratedComponent:64 - No mode defined for component null
2022-12-06 13:48:04,940 [WARN] ModelIntegratedComponent:64 - No mode defined for component null
2022-12-06 13:48:04,940 [WARN] ModelIntegratedComponent:64 - No mode defined for component null
2022-12-06 13:48:04,940 [WARN] ModelIntegratedComponent:64 - No mode defined for component null
2022-12-06 13:48:04,940 [WARN] ModelIntegratedComponent:64 - No mode defined for component null
2022-12-06 13:48:04,940 [WARN] ModelIntegratedComponent:64 - No mode defined for component null
2022-12-06 13:48:04,940 [WARN] ModelIntegratedComponent:64 - No mode defined for component null
2022-12-06 13:48:04,940 [WARN] ModelIntegratedComponent:64 - No mode defined for component null
2022-12-06 13:48:04,940 [WARN] ModelIntegratedComponent:64 - No mode defined for component null
2022-12-06 13:48:04,940 [WARN] ModelIntegratedComponent:64 - No mode defined for component null
2022-12-06 13:48:04,940 [WARN] ModelIntegratedComponent:64 - No mode defined for component null
2022-12-06 13:48:04,940 [WARN] ModelIntegratedComponent:64 - No mode defined for component null
2022-12-06 13:48:04,940 [WARN] ModelIntegratedComponent:64 - No mode defined for component null
2022-12-06 13:48:04,940 [WARN] ModelIntegratedComponent:64 - No mode defined for component null
2022-12-06 13:48:04,940 [WARN] ModelIntegratedComponent:64 - No mode defined for component null
2022-12-06 13:48:04,940 [WARN] ModelIntegratedComponent:64 - No mode defined for component null
2022-12-06 13:48:04,940 [WARN] ModelIntegratedComponent:64 - No mode defined for component null
2022-12-06 13:48:04,940 [WARN] ModelIntegratedComponent:64 - No mode defined for component null
2022-12-06 13:48:04,940 [WARN] ModelIntegratedComponent:64 - No mode defined for component null
2022-12-06 13:48:04,940 [WARN] ModelIntegratedComponent:64 - No mode defined for component null
2022-12-06 13:48:04,940 [WARN] ApiManager:308 - Cannot register API 'Board Extension:NFC07A1' from pack STMicroelectronics.X-CUBE-NFC7.1.0.0: no header file found
2022-12-06 13:48:05,018 [WARN] ApiManager:308 - Cannot register API 'Board Extension:IKS01A3' from pack STMicroelectronics.X-CUBE-MEMS1.9.3.0: no header file found
2022-12-06 13:48:05,018 [WARN] ApiManager:308 - Cannot register API 'Board Extension:IKS01A2' from pack STMicroelectronics.X-CUBE-MEMS1.9.3.0: no header file found
2022-12-06 13:48:05,018 [WARN] ApiManager:308 - Cannot register API 'Board Extension:IKS02A1' from pack STMicroelectronics.X-CUBE-MEMS1.9.3.0: no header file found
2022-12-06 13:48:05,033 [WARN] ApiManager:308 - Cannot register API 'Board Extension:EEPRMA1' from pack STMicroelectronics.X-CUBE-EEPRMA1.3.1.1: no header file found
2022-12-06 13:48:05,033 [WARN] ApiManager:308 - Cannot register API 'Board Extension:EEPRMA2' from pack STMicroelectronics.X-CUBE-EEPRMA1.3.1.1: no header file found
2022-12-06 13:48:05,033 [WARN] ApiManager:308 - Cannot register API 'Board Extension:S2868A1' from pack STMicroelectronics.X-CUBE-SFXS2LP1.4.0.0: no header file found
2022-12-06 13:48:05,033 [WARN] ApiManager:308 - Cannot register API 'Board Extension:S2868A2' from pack STMicroelectronics.X-CUBE-SFXS2LP1.4.0.0: no header file found
2022-12-06 13:48:05,033 [WARN] ApiManager:308 - Cannot register API 'Board Extension:S2915A1' from pack STMicroelectronics.X-CUBE-SFXS2LP1.4.0.0: no header file found
2022-12-06 13:48:05,033 [WARN] ApiManager:308 - Cannot register API 'Wireless:BlueNRG-2' from pack STMicroelectronics.X-CUBE-BLE2.3.3.0: no header file found
2022-12-06 13:48:05,049 [INFO] ThirdPartyModel:289 - Start build external matchings
2022-12-06 13:48:05,799 [INFO] ThirdPartyModel:302 - End build external matchings
2022-12-06 13:48:05,986 [INFO] UtilMem:74 - End LoadConfig() Used Memory: 406694008 Bytes (703594496)
2022-12-06 13:48:06,018 [WARN] ThirdParty:789 - waiting for thirdparty lock release [change project]
2022-12-06 13:48:06,018 [INFO] ThirdParty:791 - entering critical section [change project]
2022-12-06 13:48:06,018 [INFO] ThirdParty:981 - CMSIS Pack Vendor :STMicroelectronics X-CUBE-ISPU 1.1.0
2022-12-06 13:48:06,018 [INFO] ThirdParty:981 - CMSIS Pack Vendor :RoweBots I-CUBE-UNISONRTOS 5.5.0-4
2022-12-06 13:48:06,018 [INFO] ThirdParty:981 - CMSIS Pack Vendor :STMicroelectronics X-CUBE-GNSS1 6.0.0
2022-12-06 13:48:06,018 [INFO] ThirdParty:981 - CMSIS Pack Vendor :STMicroelectronics X-CUBE-AZRTOS-H7 2.1.0
2022-12-06 13:48:06,018 [INFO] ThirdParty:981 - CMSIS Pack Vendor :STMicroelectronics USB_HOST 2.0.0
2022-12-06 13:48:06,018 [INFO] ThirdParty:981 - CMSIS Pack Vendor :STMicroelectronics X-CUBE-AZRTOS-F4 1.1.0
2022-12-06 13:48:06,018 [INFO] ThirdParty:981 - CMSIS Pack Vendor :STMicroelectronics LIBJPEG 8.0.0
2022-12-06 13:48:06,018 [INFO] ThirdParty:981 - CMSIS Pack Vendor :wolfSSL I-CUBE-wolfSSL 5.4.0
2022-12-06 13:48:06,018 [INFO] ThirdParty:981 - CMSIS Pack Vendor :STMicroelectronics USB_DEVICE 3.0.0
2022-12-06 13:48:06,018 [INFO] ThirdParty:981 - CMSIS Pack Vendor :STMicroelectronics X-CUBE-BLEMGR 1.0.0
2022-12-06 13:48:06,018 [INFO] ThirdParty:981 - CMSIS Pack Vendor :STMicroelectronics X-CUBE-BLEMGR 1.2.0
2022-12-06 13:48:06,018 [INFO] ThirdParty:981 - CMSIS Pack Vendor :STMicroelectronics X-CUBE-AZRTOS-F7 1.1.0
2022-12-06 13:48:06,018 [INFO] ThirdParty:981 - CMSIS Pack Vendor :STMicroelectronics X-CUBE-MEMS1 9.4.0
2022-12-06 13:48:06,018 [INFO] ThirdParty:981 - CMSIS Pack Vendor :STMicroelectronics USB_DEVICE 2.0.0
2022-12-06 13:48:06,018 [INFO] ThirdParty:981 - CMSIS Pack Vendor :STMicroelectronics X-CUBE-AI 7.3.0
2022-12-06 13:48:06,018 [INFO] ThirdParty:981 - CMSIS Pack Vendor :STMicroelectronics X-CUBE-BLE1 6.2.3
2022-12-06 13:48:06,018 [INFO] ThirdParty:981 - CMSIS Pack Vendor :STMicroelectronics X-CUBE-ALGOBUILD 1.3.0
2022-12-06 13:48:06,018 [INFO] ThirdParty:981 - CMSIS Pack Vendor :STMicroelectronics X-CUBE-BLE1 6.2.4
2022-12-06 13:48:06,018 [INFO] ThirdParty:981 - CMSIS Pack Vendor :STMicroelectronics X-CUBE-AZRTOS-L5 1.1.0
2022-12-06 13:48:06,018 [INFO] ThirdParty:981 - CMSIS Pack Vendor :STMicroelectronics FreeRTOS 0.0.1
2022-12-06 13:48:06,018 [INFO] ThirdParty:981 - CMSIS Pack Vendor :STMicroelectronics X-CUBE-AZRTOS-G0 1.1.0
2022-12-06 13:48:06,018 [INFO] ThirdParty:981 - CMSIS Pack Vendor :STMicroelectronics X-CUBE-SUBG2 5.0.0
2022-12-06 13:48:06,018 [INFO] ThirdParty:981 - CMSIS Pack Vendor :SEGGER I-CUBE-embOS 1.2.0
2022-12-06 13:48:06,018 [INFO] ThirdParty:981 - CMSIS Pack Vendor :STMicroelectronics STM32_WPAN 1.0.0
2022-12-06 13:48:06,018 [INFO] ThirdParty:981 - CMSIS Pack Vendor :STMicroelectronics lwIP 2.0.3
2022-12-06 13:48:06,018 [INFO] ThirdParty:981 - CMSIS Pack Vendor :STMicroelectronics X-CUBE-NFC4 2.0.5
2022-12-06 13:48:06,018 [INFO] ThirdParty:981 - CMSIS Pack Vendor :STMicroelectronics X-CUBE-NFC4 2.0.4
2022-12-06 13:48:06,018 [INFO] ThirdParty:981 - CMSIS Pack Vendor :STMicroelectronics USB_HOST 1.0.0
2022-12-06 13:48:06,018 [INFO] ThirdParty:981 - CMSIS Pack Vendor :STMicroelectronics PDM2PCM 3.1.0
2022-12-06 13:48:06,018 [INFO] ThirdParty:981 - CMSIS Pack Vendor :STMicroelectronics FP-ATR-ASTRA1 1.1.1
2022-12-06 13:48:06,033 [INFO] ThirdParty:981 - CMSIS Pack Vendor :STMicroelectronics PDM2PCM 3.3.0
2022-12-06 13:48:06,033 [INFO] ThirdParty:981 - CMSIS Pack Vendor :STMicroelectronics X-CUBE-TOF1 3.1.0
2022-12-06 13:48:06,033 [INFO] ThirdParty:981 - CMSIS Pack Vendor :STMicroelectronics X-CUBE-BLEMGR 1.3.0
2022-12-06 13:48:06,033 [INFO] ThirdParty:981 - CMSIS Pack Vendor :STMicroelectronics X-CUBE-AZRTOS-G4 1.0.0
2022-12-06 13:48:06,033 [INFO] ThirdParty:981 - CMSIS Pack Vendor :STMicroelectronics FP-ATR-SIGFOX1 3.2.0
2022-12-06 13:48:06,033 [INFO] ThirdParty:981 - CMSIS Pack Vendor :STMicroelectronics X-CUBE-AZRTOS-L4 1.0.0
2022-12-06 13:48:06,033 [INFO] ThirdParty:981 - CMSIS Pack Vendor :STMicroelectronics HAL Drivers 0.0.0
2022-12-06 13:48:06,033 [INFO] ThirdParty:981 - CMSIS Pack Vendor :STMicroelectronics MBEDTLS 2.16.2
2022-12-06 13:48:06,033 [INFO] ThirdParty:981 - CMSIS Pack Vendor :emotas I-CUBE-CANOPEN 1.1.2
2022-12-06 13:48:06,033 [INFO] ThirdParty:981 - CMSIS Pack Vendor :STMicroelectronics X-CUBE-TOUCHGFX 4.20.0
2022-12-06 13:48:06,033 [INFO] ThirdParty:981 - CMSIS Pack Vendor :STMicroelectronics MBEDTLS 2.14.1
2022-12-06 13:48:06,033 [INFO] ThirdParty:981 - CMSIS Pack Vendor :STMicroelectronics X-CUBE-NFC7 1.0.0
2022-12-06 13:48:06,033 [INFO] ThirdParty:981 - CMSIS Pack Vendor :STMicroelectronics X-CUBE-AZRTOS-WL 1.0.0
2022-12-06 13:48:06,033 [INFO] ThirdParty:981 - CMSIS Pack Vendor :STMicroelectronics X-CUBE-MEMS1 9.3.0
2022-12-06 13:48:06,033 [INFO] ThirdParty:981 - CMSIS Pack Vendor :portGmbH I-Cube-SoM-uGOAL 1.1.0
2022-12-06 13:48:06,033 [INFO] ThirdParty:981 - CMSIS Pack Vendor :STMicroelectronics X-CUBE-ALS 1.0.1
2022-12-06 13:48:06,033 [INFO] ThirdParty:981 - CMSIS Pack Vendor :STMicroelectronics X-CUBE-AI 7.2.0
2022-12-06 13:48:06,033 [INFO] ThirdParty:981 - CMSIS Pack Vendor :STMicroelectronics ThreadX 1.0.0
2022-12-06 13:48:06,033 [INFO] ThirdParty:981 - CMSIS Pack Vendor :STMicroelectronics X-CUBE-AZRTOS-WB 1.1.0
2022-12-06 13:48:06,033 [INFO] ThirdParty:981 - CMSIS Pack Vendor :STMicroelectronics X-CUBE-AZRTOS-L5 1.0.0
2022-12-06 13:48:06,033 [INFO] ThirdParty:981 - CMSIS Pack Vendor :STMicroelectronics USB_DEVICE 1.0.0
2022-12-06 13:48:06,033 [INFO] ThirdParty:981 - CMSIS Pack Vendor :STMicroelectronics X-CUBE-EEPRMA1 3.1.1
2022-12-06 13:48:06,033 [INFO] ThirdParty:981 - CMSIS Pack Vendor :STMicroelectronics ThreadX 0.0.2
2022-12-06 13:48:06,033 [INFO] ThirdParty:981 - CMSIS Pack Vendor :STMicroelectronics lwIP 2.1.2
2022-12-06 13:48:06,033 [INFO] ThirdParty:981 - CMSIS Pack Vendor :STMicroelectronics X-CUBE-SFXS2LP1 4.0.0
2022-12-06 13:48:06,033 [INFO] ThirdParty:981 - CMSIS Pack Vendor :STMicroelectronics X-CUBE-BLE2 3.3.0
2022-12-06 13:48:06,033 [INFO] ThirdParty:981 - CMSIS Pack Vendor :STMicroelectronics X-CUBE-DISPLAY 2.2.0
2022-12-06 13:48:06,033 [INFO] ThirdParty:981 - CMSIS Pack Vendor :STMicroelectronics X-CUBE-TOF1 3.2.0
2022-12-06 13:48:06,033 [INFO] ThirdParty:981 - CMSIS Pack Vendor :STMicroelectronics PDM2PCM 3.2.0
2022-12-06 13:48:06,033 [INFO] ThirdParty:981 - CMSIS Pack Vendor :STMicroelectronics X-CUBE-ISPU 1.0.0
2022-12-06 13:48:06,033 [INFO] ThirdParty:797 - exiting critical section [change project]
2022-12-06 13:48:06,283 [INFO] PinOutPanel:1468 - setPackage(No Configuration,No Configuration)
2022-12-06 13:48:06,283 [INFO] PinOutPanel:1468 - setPackage(STM32F103C6Tx,LQFP48)
2022-12-06 13:48:06,767 [INFO] UtilMem:74 - Before build in PCC Used Memory: 457397976 Bytes (703594496)
2022-12-06 13:48:07,455 [INFO] UtilMem:74 - After build in PCC Used Memory: 500872768 Bytes (703594496)
2022-12-06 13:48:07,470 [INFO] IPUIPlugin:79 - create IPUIPlugin
2022-12-06 13:48:07,470 [INFO] IPUIPlugin:79 - create IPUIPlugin
2022-12-06 13:48:07,470 [INFO] IPUIPlugin:79 - create IPUIPlugin
2022-12-06 13:48:07,486 [INFO] IPUIPlugin:79 - create IPUIPlugin
2022-12-06 13:48:07,486 [INFO] IPUIPlugin:79 - create IPUIPlugin
2022-12-06 13:48:07,486 [INFO] IPUIPlugin:79 - create IPUIPlugin
2022-12-06 13:48:07,486 [INFO] IPUIPlugin:79 - create IPUIPlugin
2022-12-06 13:48:07,486 [INFO] IPUIPlugin:79 - create IPUIPlugin
2022-12-06 13:48:07,486 [INFO] IPUIPlugin:79 - create IPUIPlugin
2022-12-06 13:48:07,486 [INFO] IPUIPlugin:79 - create IPUIPlugin
2022-12-06 13:48:07,486 [INFO] IPUIPlugin:79 - create IPUIPlugin
2022-12-06 13:48:07,486 [INFO] IPUIPlugin:79 - create IPUIPlugin
2022-12-06 13:48:07,486 [INFO] IPUIPlugin:79 - create IPUIPlugin
2022-12-06 13:48:07,486 [INFO] IPUIPlugin:79 - create IPUIPlugin
2022-12-06 13:48:07,486 [INFO] IPUIPlugin:79 - create IPUIPlugin
2022-12-06 13:48:07,486 [INFO] IPUIPlugin:79 - create IPUIPlugin
2022-12-06 13:48:07,486 [INFO] IPUIPlugin:79 - create IPUIPlugin
2022-12-06 13:48:07,486 [INFO] IPUIPlugin:79 - create IPUIPlugin
2022-12-06 13:48:07,486 [INFO] IPUIPlugin:79 - create IPUIPlugin
2022-12-06 13:48:07,486 [INFO] IPUIPlugin:79 - create IPUIPlugin
2022-12-06 13:48:07,486 [INFO] IPUIPlugin:79 - create IPUIPlugin
2022-12-06 13:48:07,486 [INFO] IPUIPlugin:79 - create IPUIPlugin
2022-12-06 13:48:07,486 [INFO] IPUIPlugin:79 - create IPUIPlugin
2022-12-06 13:48:07,705 [INFO] OpenFileManager:327 - Restore cursor
2022-12-06 13:48:08,298 [INFO] UtilMem:74 - End SaveConfig() Used Memory: 455731592 Bytes (703594496)
2022-12-06 13:48:08,361 [INFO] UtilMem:74 - End SaveConfig() Used Memory: 465180312 Bytes (703594496)
2022-12-06 13:48:08,720 [INFO] BlockDiagram:2753 - set Specific Code input for plugin: NVIC
2022-12-06 13:48:08,720 [INFO] BlockDiagram:2753 - set Specific Code input for plugin: RCC
2022-12-06 13:48:08,736 [INFO] CodeGenerator:690 - code generatio: config db path: C:\ST\STM32CubeIDE_1.7.0\STM32CubeIDE\plugins\com.st.stm32cube.common.mx_6.6.1.202207061420\\db\
2022-12-06 13:48:09,079 [INFO] CodeEngine:245 - oldGeneratedFile, C:\Users\84977\Desktop\lab4\lab4\MXTmpFiles\license.tmp_save
2022-12-06 13:48:09,439 [INFO] CodeEngine:269 - Generated code: C:\Users\84977\Desktop\lab4\lab4\MXTmpFiles\license.tmp
2022-12-06 13:48:09,470 [INFO] CodeEngine:245 - oldGeneratedFile, C:\Users\84977\Desktop\lab4\lab4\Core\Src\stm32f1xx_it.c_save
2022-12-06 13:48:09,657 [INFO] CodeEngine:269 - Generated code: C:\Users\84977\Desktop\lab4\lab4\Core\Src\stm32f1xx_it.c
2022-12-06 13:48:09,673 [INFO] CodeEngine:245 - oldGeneratedFile, C:\Users\84977\Desktop\lab4\lab4\Core\Inc\stm32f1xx_it.h_save
2022-12-06 13:48:09,767 [INFO] CodeEngine:269 - Generated code: C:\Users\84977\Desktop\lab4\lab4\Core\Inc\stm32f1xx_it.h
2022-12-06 13:48:09,907 [INFO] CodeEngine:245 - oldGeneratedFile, C:\Users\84977\Desktop\lab4\lab4\Core\Src\stm32f1xx_hal_msp.c_save
2022-12-06 13:48:10,079 [INFO] CodeEngine:269 - Generated code: C:\Users\84977\Desktop\lab4\lab4\Core\Src\stm32f1xx_hal_msp.c
2022-12-06 13:48:10,095 [INFO] CodeEngine:245 - oldGeneratedFile, C:\Users\84977\Desktop\lab4\lab4\MXTmpFiles\system.tmp_save
2022-12-06 13:48:10,173 [INFO] CodeEngine:269 - Generated code: C:\Users\84977\Desktop\lab4\lab4\MXTmpFiles\system.tmp
2022-12-06 13:48:10,189 [INFO] CodeEngine:245 - oldGeneratedFile, C:\Users\84977\Desktop\lab4\lab4\Core\Inc\stm32f1xx_hal_conf.h_save
2022-12-06 13:48:10,298 [INFO] CodeEngine:269 - Generated code: C:\Users\84977\Desktop\lab4\lab4\Core\Inc\stm32f1xx_hal_conf.h
2022-12-06 13:48:10,360 [INFO] CodeEngine:245 - oldGeneratedFile, C:\Users\84977\Desktop\lab4\lab4\Core\Inc\main.h_save
2022-12-06 13:48:10,470 [INFO] CodeEngine:269 - Generated code: C:\Users\84977\Desktop\lab4\lab4\Core\Inc\main.h
2022-12-06 13:48:10,485 [INFO] CodeEngine:245 - oldGeneratedFile, C:\Users\84977\Desktop\lab4\lab4\Core\Src\main.c_save
2022-12-06 13:48:10,688 [INFO] CodeEngine:269 - Generated code: C:\Users\84977\Desktop\lab4\lab4\Core\Src\main.c
2022-12-06 13:48:11,579 [INFO] ProjectBuilder:2919 - Time for Copy HAL[1] : 281mS.
2022-12-06 13:48:11,594 [INFO] ProjectBuilder:4117 - Project Generator version: 3.17.1
2022-12-06 13:48:12,001 [INFO] ConfigFileManager:1394 - The Die is : DIE412
2022-12-06 13:48:12,032 [INFO] ApiDbMcu:505 - Load IP Config File for FATFS
2022-12-06 13:48:12,063 [INFO] ApiDbMcu:505 - Load IP Config File for FREERTOS
2022-12-06 13:48:12,094 [INFO] ApiDbMcu:505 - Load IP Config File for USB_DEVICE
2022-12-06 13:48:15,750 [INFO] ProjectBuilder:4285 - Time for Generating toolchain IDE Files: 4156mS.
2022-12-06 13:48:15,765 [INFO] ProjectBuilder:2790 - Time for Copy CMSIS : 0mS.
2022-12-06 13:48:15,765 [INFO] ProjectBuilder:2790 - Time for Copy CMSIS : 0mS.
2022-12-06 13:48:16,937 [INFO] McuFinderGlobals:57 - Set McuFinderConnectedMode to true
2022-12-06 13:48:16,937 [INFO] ApiDb:443 - Save user favorites file C:\Users\84977/.stm32cubeide/favorites.mcus.txt: 0 item(s)
2022-12-06 13:48:16,937 [INFO] ApiDb:447 - User favorites MCUs=[]
2022-12-06 13:49:26,343 [INFO] UtilMem:74 - End SaveConfig() Used Memory: 643300864 Bytes (822083584)
2022-12-06 13:49:28,639 [INFO] UtilMem:74 - End SaveConfig() Used Memory: 663442768 Bytes (822083584)
2022-12-06 13:49:30,795 [INFO] UtilMem:74 - End SaveConfig() Used Memory: 543547672 Bytes (822083584)
2022-12-06 13:49:31,061 [INFO] BlockDiagram:2753 - set Specific Code input for plugin: NVIC
2022-12-06 13:49:31,061 [INFO] BlockDiagram:2753 - set Specific Code input for plugin: GPIO
2022-12-06 13:49:31,061 [INFO] BlockDiagram:2753 - set Specific Code input for plugin: RCC
2022-12-06 13:49:31,061 [INFO] CodeGenerator:690 - code generatio: config db path: C:\ST\STM32CubeIDE_1.7.0\STM32CubeIDE\plugins\com.st.stm32cube.common.mx_6.6.1.202207061420\\db\
2022-12-06 13:49:31,201 [INFO] CodeEngine:245 - oldGeneratedFile, C:\Users\84977\Desktop\lab4\lab4\MXTmpFiles\license.tmp_save
2022-12-06 13:49:31,310 [INFO] CodeEngine:269 - Generated code: C:\Users\84977\Desktop\lab4\lab4\MXTmpFiles\license.tmp
2022-12-06 13:49:31,357 [INFO] CodeEngine:245 - oldGeneratedFile, C:\Users\84977\Desktop\lab4\lab4\MXTmpFiles\gpio.tmp_save
2022-12-06 13:49:31,498 [INFO] CodeEngine:269 - Generated code: C:\Users\84977\Desktop\lab4\lab4\MXTmpFiles\gpio.tmp
2022-12-06 13:49:31,514 [INFO] CodeEngine:245 - oldGeneratedFile, C:\Users\84977\Desktop\lab4\lab4\Core\Src\stm32f1xx_it.c_save
2022-12-06 13:49:31,623 [INFO] CodeEngine:269 - Generated code: C:\Users\84977\Desktop\lab4\lab4\Core\Src\stm32f1xx_it.c
2022-12-06 13:49:31,623 [INFO] CodeEngine:245 - oldGeneratedFile, C:\Users\84977\Desktop\lab4\lab4\Core\Inc\stm32f1xx_it.h_save
2022-12-06 13:49:31,685 [INFO] CodeEngine:269 - Generated code: C:\Users\84977\Desktop\lab4\lab4\Core\Inc\stm32f1xx_it.h
2022-12-06 13:49:31,717 [INFO] CodeEngine:245 - oldGeneratedFile, C:\Users\84977\Desktop\lab4\lab4\Core\Src\stm32f1xx_hal_msp.c_save
2022-12-06 13:49:31,842 [INFO] CodeEngine:269 - Generated code: C:\Users\84977\Desktop\lab4\lab4\Core\Src\stm32f1xx_hal_msp.c
2022-12-06 13:49:31,842 [INFO] CodeEngine:245 - oldGeneratedFile, C:\Users\84977\Desktop\lab4\lab4\MXTmpFiles\system.tmp_save
2022-12-06 13:49:31,904 [INFO] CodeEngine:269 - Generated code: C:\Users\84977\Desktop\lab4\lab4\MXTmpFiles\system.tmp
2022-12-06 13:49:31,920 [INFO] CodeEngine:245 - oldGeneratedFile, C:\Users\84977\Desktop\lab4\lab4\Core\Inc\stm32f1xx_hal_conf.h_save
2022-12-06 13:49:31,998 [INFO] CodeEngine:269 - Generated code: C:\Users\84977\Desktop\lab4\lab4\Core\Inc\stm32f1xx_hal_conf.h
2022-12-06 13:49:32,045 [INFO] CodeEngine:245 - oldGeneratedFile, C:\Users\84977\Desktop\lab4\lab4\Core\Inc\main.h_save
2022-12-06 13:49:32,123 [INFO] CodeEngine:269 - Generated code: C:\Users\84977\Desktop\lab4\lab4\Core\Inc\main.h
2022-12-06 13:49:32,123 [INFO] CodeEngine:245 - oldGeneratedFile, C:\Users\84977\Desktop\lab4\lab4\Core\Src\main.c_save
2022-12-06 13:49:32,232 [INFO] CodeEngine:269 - Generated code: C:\Users\84977\Desktop\lab4\lab4\Core\Src\main.c
2022-12-06 13:49:32,982 [INFO] ProjectBuilder:2919 - Time for Copy HAL[1] : 188mS.
2022-12-06 13:49:32,982 [INFO] ProjectBuilder:4117 - Project Generator version: 3.17.1
2022-12-06 13:49:33,279 [INFO] ConfigFileManager:1394 - The Die is : DIE412
2022-12-06 13:49:34,669 [INFO] ProjectBuilder:4285 - Time for Generating toolchain IDE Files: 1687mS.
2022-12-06 13:49:34,669 [INFO] ProjectBuilder:2790 - Time for Copy CMSIS : 0mS.
2022-12-06 13:49:34,685 [INFO] ProjectBuilder:2790 - Time for Copy CMSIS : 16mS.
2022-12-06 13:54:18,791 [INFO] UtilMem:74 - End SaveConfig() Used Memory: 526582024 Bytes (893386752)
2022-12-06 13:54:20,009 [INFO] UtilMem:74 - End SaveConfig() Used Memory: 542837000 Bytes (893386752)
2022-12-06 13:54:21,290 [INFO] UtilMem:74 - End SaveConfig() Used Memory: 598411528 Bytes (893386752)
2022-12-06 13:54:21,462 [INFO] BlockDiagram:2753 - set Specific Code input for plugin: NVIC
2022-12-06 13:54:21,462 [INFO] BlockDiagram:2753 - set Specific Code input for plugin: GPIO
2022-12-06 13:54:21,462 [INFO] BlockDiagram:2753 - set Specific Code input for plugin: RCC
2022-12-06 13:54:21,462 [INFO] CodeGenerator:690 - code generatio: config db path: C:\ST\STM32CubeIDE_1.7.0\STM32CubeIDE\plugins\com.st.stm32cube.common.mx_6.6.1.202207061420\\db\
2022-12-06 13:54:21,587 [INFO] CodeEngine:245 - oldGeneratedFile, C:\Users\84977\Desktop\lab4\lab4\MXTmpFiles\license.tmp_save
2022-12-06 13:54:21,665 [INFO] CodeEngine:269 - Generated code: C:\Users\84977\Desktop\lab4\lab4\MXTmpFiles\license.tmp
2022-12-06 13:54:21,681 [INFO] CodeEngine:245 - oldGeneratedFile, C:\Users\84977\Desktop\lab4\lab4\MXTmpFiles\gpio.tmp_save
2022-12-06 13:54:21,759 [INFO] CodeEngine:269 - Generated code: C:\Users\84977\Desktop\lab4\lab4\MXTmpFiles\gpio.tmp
2022-12-06 13:54:21,774 [INFO] CodeEngine:245 - oldGeneratedFile, C:\Users\84977\Desktop\lab4\lab4\Core\Src\stm32f1xx_it.c_save
2022-12-06 13:54:21,852 [INFO] CodeEngine:269 - Generated code: C:\Users\84977\Desktop\lab4\lab4\Core\Src\stm32f1xx_it.c
2022-12-06 13:54:21,852 [INFO] CodeEngine:245 - oldGeneratedFile, C:\Users\84977\Desktop\lab4\lab4\Core\Inc\stm32f1xx_it.h_save
2022-12-06 13:54:21,946 [INFO] CodeEngine:269 - Generated code: C:\Users\84977\Desktop\lab4\lab4\Core\Inc\stm32f1xx_it.h
2022-12-06 13:54:21,977 [INFO] CodeEngine:245 - oldGeneratedFile, C:\Users\84977\Desktop\lab4\lab4\Core\Src\stm32f1xx_hal_msp.c_save
2022-12-06 13:54:22,102 [INFO] CodeEngine:269 - Generated code: C:\Users\84977\Desktop\lab4\lab4\Core\Src\stm32f1xx_hal_msp.c
2022-12-06 13:54:22,102 [INFO] CodeEngine:245 - oldGeneratedFile, C:\Users\84977\Desktop\lab4\lab4\MXTmpFiles\system.tmp_save
2022-12-06 13:54:22,149 [INFO] CodeEngine:269 - Generated code: C:\Users\84977\Desktop\lab4\lab4\MXTmpFiles\system.tmp
2022-12-06 13:54:22,165 [INFO] CodeEngine:245 - oldGeneratedFile, C:\Users\84977\Desktop\lab4\lab4\Core\Inc\stm32f1xx_hal_conf.h_save
2022-12-06 13:54:22,243 [INFO] CodeEngine:269 - Generated code: C:\Users\84977\Desktop\lab4\lab4\Core\Inc\stm32f1xx_hal_conf.h
2022-12-06 13:54:22,274 [INFO] CodeEngine:245 - oldGeneratedFile, C:\Users\84977\Desktop\lab4\lab4\Core\Inc\main.h_save
2022-12-06 13:54:22,368 [INFO] CodeEngine:269 - Generated code: C:\Users\84977\Desktop\lab4\lab4\Core\Inc\main.h
2022-12-06 13:54:22,368 [INFO] CodeEngine:245 - oldGeneratedFile, C:\Users\84977\Desktop\lab4\lab4\Core\Src\main.c_save
2022-12-06 13:54:22,477 [INFO] CodeEngine:269 - Generated code: C:\Users\84977\Desktop\lab4\lab4\Core\Src\main.c
2022-12-06 13:54:23,258 [INFO] ProjectBuilder:2919 - Time for Copy HAL[1] : 234mS.
2022-12-06 13:54:23,258 [INFO] ProjectBuilder:4117 - Project Generator version: 3.17.1
2022-12-06 13:54:23,508 [INFO] ConfigFileManager:1394 - The Die is : DIE412
2022-12-06 13:54:24,727 [INFO] ProjectBuilder:4285 - Time for Generating toolchain IDE Files: 1469mS.
2022-12-06 13:54:24,727 [INFO] ProjectBuilder:2790 - Time for Copy CMSIS : 0mS.
2022-12-06 13:54:24,727 [INFO] ProjectBuilder:2790 - Time for Copy CMSIS : 0mS.
2022-12-06 13:55:57,465 [INFO] NvicIntPanel:100 - NVIC parent = com.st.microxplorer.plugins.ip.nvic.MultiNvicIntPanel[,0,0,450x124,layout=javax.swing.BoxLayout,alignmentX=0.0,alignmentY=0.0,border=,flags=9,maximumSize=,minimumSize=,preferredSize=]
2022-12-06 13:55:59,215 [INFO] NvicIntPanel:100 - NVIC parent = com.st.microxplorer.plugins.ip.nvic.MultiNvicIntPanel[,0,0,0x0,invalid,layout=javax.swing.BoxLayout,alignmentX=0.0,alignmentY=0.0,border=,flags=9,maximumSize=,minimumSize=,preferredSize=]
2022-12-06 13:56:08,447 [INFO] NvicIntPanel:100 - NVIC parent = com.st.microxplorer.plugins.ip.nvic.MultiNvicIntPanel[,0,0,0x0,invalid,layout=javax.swing.BoxLayout,alignmentX=0.0,alignmentY=0.0,border=,flags=9,maximumSize=,minimumSize=,preferredSize=]
2022-12-06 13:56:13,589 [INFO] NvicIntPanel:100 - NVIC parent = com.st.microxplorer.plugins.ip.nvic.MultiNvicIntPanel[,0,0,0x0,invalid,layout=javax.swing.BoxLayout,alignmentX=0.0,alignmentY=0.0,border=,flags=9,maximumSize=,minimumSize=,preferredSize=]
2022-12-06 13:56:20,807 [INFO] UtilMem:74 - End SaveConfig() Used Memory: 715635616 Bytes (930086912)
2022-12-06 13:56:22,041 [INFO] UtilMem:74 - End SaveConfig() Used Memory: 731845408 Bytes (930086912)
2022-12-06 13:56:25,056 [INFO] UtilMem:74 - End SaveConfig() Used Memory: 632507496 Bytes (930086912)
2022-12-06 13:56:25,259 [INFO] BlockDiagram:2753 - set Specific Code input for plugin: NVIC
2022-12-06 13:56:25,259 [INFO] BlockDiagram:2753 - set Specific Code input for plugin: GPIO
2022-12-06 13:56:25,259 [INFO] BlockDiagram:2753 - set Specific Code input for plugin: RCC
2022-12-06 13:56:25,259 [INFO] BlockDiagram:2753 - set Specific Code input for plugin: TIM1_8F1
2022-12-06 13:56:25,259 [INFO] CodeGenerator:690 - code generatio: config db path: C:\ST\STM32CubeIDE_1.7.0\STM32CubeIDE\plugins\com.st.stm32cube.common.mx_6.6.1.202207061420\\db\
2022-12-06 13:56:25,400 [INFO] CodeEngine:245 - oldGeneratedFile, C:\Users\84977\Desktop\lab4\lab4\MXTmpFiles\license.tmp_save
2022-12-06 13:56:25,462 [INFO] CodeEngine:269 - Generated code: C:\Users\84977\Desktop\lab4\lab4\MXTmpFiles\license.tmp
2022-12-06 13:56:25,478 [INFO] CodeEngine:245 - oldGeneratedFile, C:\Users\84977\Desktop\lab4\lab4\MXTmpFiles\gpio.tmp_save
2022-12-06 13:56:25,603 [INFO] CodeEngine:269 - Generated code: C:\Users\84977\Desktop\lab4\lab4\MXTmpFiles\gpio.tmp
2022-12-06 13:56:25,775 [INFO] CodeEngine:245 - oldGeneratedFile, C:\Users\84977\Desktop\lab4\lab4\Core\Src\stm32f1xx_it.c_save
2022-12-06 13:56:25,915 [INFO] CodeEngine:269 - Generated code: C:\Users\84977\Desktop\lab4\lab4\Core\Src\stm32f1xx_it.c
2022-12-06 13:56:25,931 [INFO] CodeEngine:245 - oldGeneratedFile, C:\Users\84977\Desktop\lab4\lab4\Core\Inc\stm32f1xx_it.h_save
2022-12-06 13:56:26,025 [INFO] CodeEngine:269 - Generated code: C:\Users\84977\Desktop\lab4\lab4\Core\Inc\stm32f1xx_it.h
2022-12-06 13:56:26,056 [INFO] CodeEngine:245 - oldGeneratedFile, C:\Users\84977\Desktop\lab4\lab4\Core\Src\stm32f1xx_hal_msp.c_save
2022-12-06 13:56:26,150 [INFO] CodeEngine:269 - Generated code: C:\Users\84977\Desktop\lab4\lab4\Core\Src\stm32f1xx_hal_msp.c
2022-12-06 13:56:26,150 [INFO] CodeEngine:245 - oldGeneratedFile, C:\Users\84977\Desktop\lab4\lab4\MXTmpFiles\system.tmp_save
2022-12-06 13:56:26,197 [INFO] CodeEngine:269 - Generated code: C:\Users\84977\Desktop\lab4\lab4\MXTmpFiles\system.tmp
2022-12-06 13:56:26,212 [INFO] CodeEngine:245 - oldGeneratedFile, C:\Users\84977\Desktop\lab4\lab4\Core\Inc\stm32f1xx_hal_conf.h_save
2022-12-06 13:56:26,337 [INFO] CodeEngine:269 - Generated code: C:\Users\84977\Desktop\lab4\lab4\Core\Inc\stm32f1xx_hal_conf.h
2022-12-06 13:56:26,353 [WARN] IPConfigManager:3348 - IP not found : TIM
2022-12-06 13:56:26,353 [WARN] CodeGenerator:3567 - IP not found : null
2022-12-06 13:56:26,368 [INFO] CodeEngine:245 - oldGeneratedFile, C:\Users\84977\Desktop\lab4\lab4\Core\Inc\main.h_save
2022-12-06 13:56:26,478 [INFO] CodeEngine:269 - Generated code: C:\Users\84977\Desktop\lab4\lab4\Core\Inc\main.h
2022-12-06 13:56:26,478 [INFO] CodeEngine:245 - oldGeneratedFile, C:\Users\84977\Desktop\lab4\lab4\Core\Src\main.c_save
2022-12-06 13:56:26,587 [INFO] CodeEngine:269 - Generated code: C:\Users\84977\Desktop\lab4\lab4\Core\Src\main.c
2022-12-06 13:56:27,384 [INFO] ProjectBuilder:2919 - Time for Copy HAL[1] : 313mS.
2022-12-06 13:56:27,384 [INFO] ProjectBuilder:4117 - Project Generator version: 3.17.1
2022-12-06 13:56:27,727 [INFO] ConfigFileManager:1394 - The Die is : DIE412
2022-12-06 13:56:28,821 [INFO] ProjectBuilder:4285 - Time for Generating toolchain IDE Files: 1437mS.
2022-12-06 13:56:28,821 [INFO] ProjectBuilder:2790 - Time for Copy CMSIS : 0mS.
2022-12-06 13:56:28,821 [INFO] ProjectBuilder:2790 - Time for Copy CMSIS : 0mS.
2022-12-06 14:11:54,980 [ERROR] LogOutputStream:74 - [STDERR_REDIRECT] 
